#
# A fatal error has been detected by the Java Runtime Environment:
#
#  EXCEPTION_ACCESS_VIOLATION (0xc0000005) at pc=0x00007ffa79117187, pid=25992, tid=12024
#
# JRE version: OpenJDK Runtime Environment Temurin-21.0.6+7 (21.0.6+7) (build 21.0.6+7-LTS)
# Java VM: OpenJDK 64-Bit Server VM Temurin-21.0.6+7 (21.0.6+7-LTS, mixed mode, sharing, tiered, compressed oops, compressed class ptrs, parallel gc, windows-amd64)
# Problematic frame:
# V  [jvm.dll+0x337187]
#
# No core dump will be written. Minidumps are not enabled by default on client versions of Windows
#
# If you would like to submit a bug report, please visit:
#   https://github.com/adoptium/adoptium-support/issues
#

---------------  S U M M A R Y ------------

Command Line: --add-modules=ALL-SYSTEM --add-opens=java.base/java.util=ALL-UNNAMED --add-opens=java.base/java.lang=ALL-UNNAMED --add-opens=java.base/sun.nio.fs=ALL-UNNAMED -Declipse.application=org.eclipse.jdt.ls.core.id1 -Dosgi.bundles.defaultStartLevel=4 -Declipse.product=org.eclipse.jdt.ls.core.product -Djava.import.generatesMetadataFilesAtProjectRoot=false -DDetectVMInstallationsJob.disabled=true -Dfile.encoding=utf8 -XX:+UseParallelGC -XX:GCTimeRatio=4 -XX:AdaptiveSizePolicyWeight=90 -Dsun.zip.disableMemoryMapping=true -Xmx1G -Xms100m -Xlog:disable -javaagent:c:\Users\Farhan\.vscode\extensions\redhat.java-1.41.1-win32-x64\lombok\lombok-1.18.36.jar -XX:+HeapDumpOnOutOfMemoryError -XX:HeapDumpPath=c:\Users\Farhan\AppData\Roaming\Code\User\workspaceStorage\cf30d22478bf457b12e906e2b8bb618b\redhat.java -Daether.dependencyCollector.impl=bf c:\Users\Farhan\.vscode\extensions\redhat.java-1.41.1-win32-x64\server\plugins\org.eclipse.equinox.launcher_1.7.0.v20250331-1702.jar -configuration c:\Users\Farhan\AppData\Roaming\Code\User\globalStorage\redhat.java\1.41.1\config_win -data c:\Users\Farhan\AppData\Roaming\Code\User\workspaceStorage\cf30d22478bf457b12e906e2b8bb618b\redhat.java\jdt_ws --pipe=\\.\pipe\lsp-0d0388cbc3583953d818d4b70d84636c-sock

Host: Intel(R) Core(TM) i7-10700F CPU @ 2.90GHz, 16 cores, 15G,  Windows 11 , 64 bit Build 26100 (10.0.26100.3912)
Time: Sun May 11 11:12:15 2025 Eastern Daylight Time elapsed time: 49954.926026 seconds (0d 13h 52m 34s)

---------------  T H R E A D  ---------------

Current thread (0x0000020f7e4f3950):  WorkerThread "GC Thread#1"    [id=12024, stack(0x0000007556300000,0x0000007556400000) (1024K)]

Stack: [0x0000007556300000,0x0000007556400000],  sp=0x00000075563ff530,  free space=1021k
Native frames: (J=compiled Java code, j=interpreted, Vv=VM code, C=native code)
V  [jvm.dll+0x337187]
V  [jvm.dll+0x70e388]
V  [jvm.dll+0x70e85f]
V  [jvm.dll+0x8d62a7]
V  [jvm.dll+0x851f8b]
V  [jvm.dll+0x6cc5ed]
C  [ucrtbase.dll+0x37b0]
C  [KERNEL32.DLL+0x2e8d7]
C  [ntdll.dll+0x9c5dc]


siginfo: EXCEPTION_ACCESS_VIOLATION (0xc0000005), data execution prevention violation at address 0x00007ffafbd4c087


Registers:
RAX=0x0000000000000000, RBX=0x0000000000000006, RCX=0x0000000000000000, RDX=0x0000000000000000
RSP=0x00000075563ff530, RBP=0x0000020f771e16e0, RSI=0x0000000000000009, RDI=0x0000020f21d5a350
R8 =0x0000000000000000, R9 =0x0000000000000001, R10=0x0000000000000030, R11=0x0000000000000008
R12=0x000000000000001a, R13=0x0000000000000048, R14=0x0000000000000000, R15=0x00000075563ff5c0
RIP=0x00007ffa79117187, EFLAGS=0x0000000000010246

XMM[0]=0x0000001800002638 0x0000000000000001
XMM[1]=0x000000530000004e 0x0000004c00000045
XMM[2]=0x0000003f0000003d 0x0000003b0000003a
XMM[3]=0x0000004a00000047 0x0000004600000045
XMM[4]=0x0000005300000052 0x000000510000004f
XMM[5]=0x0000006300000058 0x0000005700000056
XMM[6]=0x0000000000000000 0x0000000000000000
XMM[7]=0x0000000000000000 0x0000000000000000
XMM[8]=0x0000000000000000 0x0000000000000000
XMM[9]=0x0000000000000000 0x0000000000000000
XMM[10]=0x0000000000000000 0x0000000000000000
XMM[11]=0x0000000000000000 0x0000000000000000
XMM[12]=0x0000000000000000 0x0000000000000000
XMM[13]=0x0000000000000000 0x0000000000000000
XMM[14]=0x0000000000000000 0x0000000000000000
XMM[15]=0x0000000000000000 0x0000000000000000
  MXCSR=0x00001fa0


Register to memory mapping:

RAX=0x0 is null
RBX=0x0000000000000006 is an unknown value
RCX=0x0 is null
RDX=0x0 is null
RSP=0x00000075563ff530 points into unknown readable memory: 0x0000000000000009 | 09 00 00 00 00 00 00 00
RBP=0x0000020f771e16e0 points into unknown readable memory: 0x0000000000000000 | 00 00 00 00 00 00 00 00
RSI=0x0000000000000009 is an unknown value
RDI=0x0000020f21d5a350 points into unknown readable memory: 0x00007ffa79804ae8 | e8 4a 80 79 fa 7f 00 00
R8 =0x0 is null
R9 =0x0000000000000001 is an unknown value
R10=0x0000000000000030 is an unknown value
R11=0x0000000000000008 is an unknown value
R12=0x000000000000001a is an unknown value
R13=0x0000000000000048 is an unknown value
R14=0x0 is null
R15=0x00000075563ff5c0 points into unknown readable memory: 0x0000000000000000 | 00 00 00 00 00 00 00 00

Top of Stack: (sp=0x00000075563ff530)
0x00000075563ff530:   0000000000000009 00000075553ff1b0
0x00000075563ff540:   00000075553ff158 0000000000000030
0x00000075563ff550:   00000075553ff158 0000000000000030
0x00000075563ff560:   0000020f78a162f0 0000000000000005
0x00000075563ff570:   0000000000000009 00007ffa794ee388
0x00000075563ff580:   0000020f771e1680 0000000000000000
0x00000075563ff590:   00000075553ff1b0 0000020f771e1680
0x00000075563ff5a0:   00000075553ff050 00007ffa794ee85f
0x00000075563ff5b0:   0000000000000000 00000075563ff649
0x00000075563ff5c0:   0000000000000000 0000000000000003
0x00000075563ff5d0:   0000020f771e1680 0000000000000009
0x00000075563ff5e0:   000000000000000d 00007ffa794b84be
0x00000075563ff5f0:   0000020f771e1680 00007ffa00000009
0x00000075563ff600:   00007ffa7986c368 0000020f771e1680
0x00000075563ff610:   00000075553ff050 0000020f78a69ad0
0x00000075563ff620:   00000000000003d8 0000020f78a69ae0
0x00000075563ff630:   0000020f78a69eb8 00007ffa7986c358
0x00000075563ff640:   0000000000000009 0000000000000000
0x00000075563ff650:   0000000000000000 0000000000000000
0x00000075563ff660:   0000000000000000 000058ebc91b9854
0x00000075563ff670:   0000020f7e5d5730 0000000000000000
0x00000075563ff680:   0000000000000030 0000020f78aa5590
0x00000075563ff690:   0000000000000009 0000020f1f860bd8
0x00000075563ff6a0:   0000020f7e4f3950 00007ffa796b62a7
0x00000075563ff6b0:   0000020f1f860bd8 0000020f7e4f3950
0x00000075563ff6c0:   0000000000000070 0000020f78aa5590
0x00000075563ff6d0:   0000000000000000 0000020f7e4f3950
0x00000075563ff6e0:   0000000000000000 0000000000100000
0x00000075563ff6f0:   0000000000000000 00007ffa79631f8b
0x00000075563ff700:   0000007556300000 00000000ffffffff
0x00000075563ff710:   0000000000000000 0000000000000000
0x00000075563ff720:   0000000000000004 0000000000001000 

Instructions: (pc=0x00007ffa79117187)
0x00007ffa79117087:   d2 89 85 04 02 00 00 f7 77 08 44 8b ca 3b d6 74
0x00007ffa79117097:   b8 8b de 66 0f 1f 44 00 00 3b de 74 05 41 3b d9
0x00007ffa791170a7:   75 45 44 8b 85 04 02 00 00 b8 5f 0b 4e 83 41 f7
0x00007ffa791170b7:   e8 41 03 d0 c1 fa 10 8b c2 c1 e8 1f 03 d0 41 69
0x00007ffa791170c7:   c0 a7 41 00 00 69 ca ff ff ff 7f 2b c1 85 c0 8d
0x00007ffa791170d7:   88 ff ff ff 7f 0f 4e c1 33 d2 89 85 04 02 00 00
0x00007ffa791170e7:   f7 77 08 8b da eb b2 41 8b c1 4c 8d 1c c5 00 00
0x00007ffa791170f7:   00 00 48 8b 47 10 49 8b 0c 03 8b 81 00 01 00 00
0x00007ffa79117107:   44 8b 81 80 00 00 00 44 2b c0 b8 00 00 00 00 41
0x00007ffa79117117:   81 e0 ff ff 01 00 41 81 f8 ff ff 01 00 44 0f 44
0x00007ffa79117127:   c0 8b c3 4c 8d 14 c5 00 00 00 00 48 8b 47 10 49
0x00007ffa79117137:   8b 0c 02 8b 81 00 01 00 00 8b 91 80 00 00 00 33
0x00007ffa79117147:   c9 2b d0 8b c1 81 e2 ff ff 01 00 81 fa ff ff 01
0x00007ffa79117157:   00 0f 44 d1 41 3b d0 76 0a 48 8b 47 10 49 8b 0c
0x00007ffa79117167:   02 eb 10 45 85 c0 74 18 48 8b 47 10 41 8b d9 49
0x00007ffa79117177:   8b 0c 03 49 8b d7 e8 4e e6 ff ff 83 f8 02 74 05
0x00007ffa79117187:   bb ff ff ff ff 89 9d 00 02 00 00 eb 14 75 17 8d
0x00007ffa79117197:   46 ff 49 8b d7 83 e0 01 48 8b 0c c1 e8 28 e6 ff
0x00007ffa791171a7:   ff 83 f8 02 74 2b 41 ff c6 45 3b f4 0f 82 77 fe
0x00007ffa791171b7:   ff ff 32 c0 48 8b 5c 24 50 48 8b 6c 24 58 48 8b
0x00007ffa791171c7:   74 24 60 48 83 c4 20 41 5f 41 5e 41 5d 41 5c 5f
0x00007ffa791171d7:   c3 b0 01 eb df cc cc cc cc 48 8b 89 50 06 00 00
0x00007ffa791171e7:   e9 e4 f2 59 00 cc cc cc cc 48 89 54 24 10 4c 89
0x00007ffa791171f7:   44 24 18 4c 89 4c 24 20 53 48 83 ec 20 48 8b d9
0x00007ffa79117207:   4c 8d 4c 24 40 4c 8b c2 48 8d 0d 3a d0 94 00 ba
0x00007ffa79117217:   01 00 00 00 e8 40 aa 2a 00 48 8b c3 48 83 c4 20
0x00007ffa79117227:   5b c3 cc cc cc cc cc cc cc 48 89 5c 24 18 55 57
0x00007ffa79117237:   41 57 48 83 ec 20 48 8b 41 18 4c 8b f9 8b 7a 38
0x00007ffa79117247:   48 8d 4a 3c 48 8b da 48 8b 80 60 06 00 00 48 8b
0x00007ffa79117257:   2c f8 8b 01 c1 e8 02 48 c1 e5 03 a8 01 0f 84 11
0x00007ffa79117267:   01 00 00 8b 42 3c 83 f8 04 0f 85 60 01 00 00 48
0x00007ffa79117277:   89 74 24 40 4c 89 74 24 48 4d 8b 77 10 0f 1f 40 


Stack slot to memory mapping:

stack at sp + 0 slots: 0x0000000000000009 is an unknown value
stack at sp + 1 slots: 0x00000075553ff1b0 points into unknown readable memory: 0x000000000000000d | 0d 00 00 00 00 00 00 00
stack at sp + 2 slots: 0x00000075553ff158 points into unknown readable memory: 0x0000020f21d06080 | 80 60 d0 21 0f 02 00 00
stack at sp + 3 slots: 0x0000000000000030 is an unknown value
stack at sp + 4 slots: 0x00000075553ff158 points into unknown readable memory: 0x0000020f21d06080 | 80 60 d0 21 0f 02 00 00
stack at sp + 5 slots: 0x0000000000000030 is an unknown value
stack at sp + 6 slots: 0x0000020f78a162f0 points into unknown readable memory: 0x0000000000000002 | 02 00 00 00 00 00 00 00
stack at sp + 7 slots: 0x0000000000000005 is an unknown value


---------------  P R O C E S S  ---------------

Threads class SMR info:
_java_thread_list=0x0000020f02ce3680, length=114, elements={
0x0000020f21ce2330, 0x0000020f787d3f50, 0x0000020f787d5ce0, 0x0000020f787e07d0,
0x0000020f787e1420, 0x0000020f787e2e30, 0x0000020f787e6650, 0x0000020f787f58e0,
0x0000020f787f6f90, 0x0000020f788b6650, 0x0000020f7e028040, 0x0000020f7ea8cec0,
0x0000020f7e93ae10, 0x0000020f7e7e9340, 0x0000020f7e7eb060, 0x0000020f7eedd260,
0x0000020f7e5691f0, 0x0000020f7ec42c20, 0x0000020f7ec460a0, 0x0000020f7ec45a10,
0x0000020f7f45f550, 0x0000020f7f45e1a0, 0x0000020f7f45fbe0, 0x0000020f7f45d480,
0x0000020f7f45e830, 0x0000020f7f460270, 0x0000020f7f460900, 0x0000020f7f45db10,
0x0000020f7f461620, 0x0000020f7f462340, 0x0000020f7f464410, 0x0000020f7f461cb0,
0x0000020f7f4629d0, 0x0000020f7f463060, 0x0000020f7f460f90, 0x0000020f7f4636f0,
0x0000020f7f463d80, 0x0000020f0068b690, 0x0000020f0068b000, 0x0000020f006895c0,
0x0000020f046051e0, 0x0000020f0460adc0, 0x0000020f0460b450, 0x0000020f04608cf0,
0x0000020f04609380, 0x0000020f0460a0a0, 0x0000020f00abb180, 0x0000020f00abb810,
0x0000020f03194950, 0x0000020f04604b50, 0x0000020f046072b0, 0x0000020f04606590,
0x0000020f00abbea0, 0x0000020f00abc530, 0x0000020f00abcbc0, 0x0000020f00ab9740,
0x0000020f00abd250, 0x0000020f00ab9dd0, 0x0000020f00ac06d0, 0x0000020f00abec90,
0x0000020f00abdf70, 0x0000020f02a71c40, 0x0000020f03198460, 0x0000020f03199180,
0x0000020f03199810, 0x0000020f03199ea0, 0x0000020f03196a20, 0x0000020f0319abc0,
0x0000020f006888a0, 0x0000020f0068ca40, 0x0000020f0068eb10, 0x0000020f0068bd20,
0x0000020f0068fec0, 0x0000020f02a6e7c0, 0x0000020f02a6b9d0, 0x0000020f02a72ff0,
0x0000020f02a70200, 0x0000020f00abaaf0, 0x0000020f00abf320, 0x0000020f00abd8e0,
0x0000020f00ac0d60, 0x0000020f04606c20, 0x0000020f04605f00, 0x0000020f04607fd0,
0x0000020f7ec43fd0, 0x0000020f7ec44660, 0x0000020f7ec44cf0, 0x0000020f7ec45380,
0x0000020f0068f1a0, 0x0000020f0068f830, 0x0000020f02a70890, 0x0000020f15501f00,
0x0000020f15500b50, 0x0000020f155032b0, 0x0000020f154ffe30, 0x0000020f15506dc0,
0x0000020f15505380, 0x0000020f15503fd0, 0x0000020f15504660, 0x0000020f02a6d410,
0x0000020f02a6fb70, 0x0000020f02a6ee50, 0x0000020f02a70f20, 0x0000020f02a6daa0,
0x0000020f02a715b0, 0x0000020f00689c50, 0x0000020f0068d760, 0x0000020f0068a2e0,
0x0000020f0068a970, 0x0000020f03194fe0, 0x0000020f03198af0, 0x0000020f03196390,
0x0000020f03197dd0, 0x0000020f15502c20
}

Java Threads: ( => current thread )
  0x0000020f21ce2330 JavaThread "main"                              [_thread_blocked, id=23920, stack(0x0000007555000000,0x0000007555100000) (1024K)]
  0x0000020f787d3f50 JavaThread "Reference Handler"          daemon [_thread_blocked, id=25372, stack(0x0000007555400000,0x0000007555500000) (1024K)]
  0x0000020f787d5ce0 JavaThread "Finalizer"                  daemon [_thread_blocked, id=9212, stack(0x0000007555500000,0x0000007555600000) (1024K)]
  0x0000020f787e07d0 JavaThread "Signal Dispatcher"          daemon [_thread_blocked, id=10244, stack(0x0000007555600000,0x0000007555700000) (1024K)]
  0x0000020f787e1420 JavaThread "Attach Listener"            daemon [_thread_blocked, id=11964, stack(0x0000007555700000,0x0000007555800000) (1024K)]
  0x0000020f787e2e30 JavaThread "Service Thread"             daemon [_thread_blocked, id=5872, stack(0x0000007555800000,0x0000007555900000) (1024K)]
  0x0000020f787e6650 JavaThread "Monitor Deflation Thread"   daemon [_thread_blocked, id=25012, stack(0x0000007555900000,0x0000007555a00000) (1024K)]
  0x0000020f787f58e0 JavaThread "C2 CompilerThread0"         daemon [_thread_blocked, id=24644, stack(0x0000007555a00000,0x0000007555b00000) (1024K)]
  0x0000020f787f6f90 JavaThread "C1 CompilerThread0"         daemon [_thread_blocked, id=11316, stack(0x0000007555b00000,0x0000007555c00000) (1024K)]
  0x0000020f788b6650 JavaThread "Common-Cleaner"             daemon [_thread_blocked, id=3336, stack(0x0000007555c00000,0x0000007555d00000) (1024K)]
  0x0000020f7e028040 JavaThread "Notification Thread"        daemon [_thread_blocked, id=11908, stack(0x0000007556100000,0x0000007556200000) (1024K)]
  0x0000020f7ea8cec0 JavaThread "Active Thread: Equinox Container: 1d2ddc9a-2d54-4fd5-8c15-e6f659173842"        [_thread_blocked, id=17716, stack(0x0000007556a00000,0x0000007556b00000) (1024K)]
  0x0000020f7e93ae10 JavaThread "Refresh Thread: Equinox Container: 1d2ddc9a-2d54-4fd5-8c15-e6f659173842" daemon [_thread_blocked, id=25176, stack(0x0000007556200000,0x0000007556300000) (1024K)]
  0x0000020f7e7e9340 JavaThread "Framework Event Dispatcher: Equinox Container: 1d2ddc9a-2d54-4fd5-8c15-e6f659173842" daemon [_thread_blocked, id=23900, stack(0x0000007556900000,0x0000007556a00000) (1024K)]
  0x0000020f7e7eb060 JavaThread "Start Level: Equinox Container: 1d2ddc9a-2d54-4fd5-8c15-e6f659173842" daemon [_thread_blocked, id=12616, stack(0x0000007556b00000,0x0000007556c00000) (1024K)]
  0x0000020f7eedd260 JavaThread "Bundle File Closer"         daemon [_thread_blocked, id=22332, stack(0x0000007556c00000,0x0000007556d00000) (1024K)]
  0x0000020f7e5691f0 JavaThread "SCR Component Actor"        daemon [_thread_blocked, id=6180, stack(0x0000007555d00000,0x0000007555e00000) (1024K)]
  0x0000020f7ec42c20 JavaThread "Worker-JM"                         [_thread_blocked, id=20052, stack(0x0000007557400000,0x0000007557500000) (1024K)]
  0x0000020f7ec460a0 JavaThread "JNA Cleaner"                daemon [_thread_blocked, id=1724, stack(0x0000007557700000,0x0000007557800000) (1024K)]
  0x0000020f7ec45a10 JavaThread "Java indexing"              daemon [_thread_blocked, id=26492, stack(0x0000007557b00000,0x0000007557c00000) (1024K)]
  0x0000020f7f45f550 JavaThread "Thread-2"                   daemon [_thread_in_native, id=20308, stack(0x0000007558100000,0x0000007558200000) (1024K)]
  0x0000020f7f45e1a0 JavaThread "Thread-3"                   daemon [_thread_in_native, id=3864, stack(0x0000007558200000,0x0000007558300000) (1024K)]
  0x0000020f7f45fbe0 JavaThread "Thread-4"                   daemon [_thread_in_native, id=4804, stack(0x0000007558300000,0x0000007558400000) (1024K)]
  0x0000020f7f45d480 JavaThread "Thread-5"                   daemon [_thread_in_native, id=26144, stack(0x0000007558400000,0x0000007558500000) (1024K)]
  0x0000020f7f45e830 JavaThread "Thread-6"                   daemon [_thread_in_native, id=5624, stack(0x0000007558500000,0x0000007558600000) (1024K)]
  0x0000020f7f460270 JavaThread "Thread-7"                   daemon [_thread_in_native, id=9120, stack(0x0000007558600000,0x0000007558700000) (1024K)]
  0x0000020f7f460900 JavaThread "Thread-8"                   daemon [_thread_in_native, id=4056, stack(0x0000007558700000,0x0000007558800000) (1024K)]
  0x0000020f7f45db10 JavaThread "Thread-9"                   daemon [_thread_in_native, id=12440, stack(0x0000007558800000,0x0000007558900000) (1024K)]
  0x0000020f7f461620 JavaThread "Thread-10"                  daemon [_thread_in_native, id=7948, stack(0x0000007558900000,0x0000007558a00000) (1024K)]
  0x0000020f7f462340 JavaThread "Thread-11"                  daemon [_thread_in_native, id=8220, stack(0x0000007558a00000,0x0000007558b00000) (1024K)]
  0x0000020f7f464410 JavaThread "Thread-12"                  daemon [_thread_in_native, id=17932, stack(0x0000007558b00000,0x0000007558c00000) (1024K)]
  0x0000020f7f461cb0 JavaThread "Thread-13"                  daemon [_thread_in_native, id=20092, stack(0x0000007558c00000,0x0000007558d00000) (1024K)]
  0x0000020f7f4629d0 JavaThread "Thread-14"                  daemon [_thread_in_native, id=17724, stack(0x0000007558d00000,0x0000007558e00000) (1024K)]
  0x0000020f7f463060 JavaThread "Thread-15"                  daemon [_thread_in_native, id=20124, stack(0x0000007558e00000,0x0000007558f00000) (1024K)]
  0x0000020f7f460f90 JavaThread "Thread-16"                  daemon [_thread_in_native, id=23260, stack(0x0000007558f00000,0x0000007559000000) (1024K)]
  0x0000020f7f4636f0 JavaThread "Thread-17"                  daemon [_thread_in_native, id=23936, stack(0x0000007559000000,0x0000007559100000) (1024K)]
  0x0000020f7f463d80 JavaThread "Thread-18"                  daemon [_thread_in_native, id=26488, stack(0x0000007559100000,0x0000007559200000) (1024K)]
  0x0000020f0068b690 JavaThread "pool-2-thread-1"                   [_thread_blocked, id=3932, stack(0x0000007559200000,0x0000007559300000) (1024K)]
  0x0000020f0068b000 JavaThread "WorkspaceEventsHandler"            [_thread_blocked, id=2216, stack(0x0000007559400000,0x0000007559500000) (1024K)]
  0x0000020f006895c0 JavaThread "pool-1-thread-1"                   [_thread_blocked, id=7116, stack(0x0000007559500000,0x0000007559600000) (1024K)]
  0x0000020f046051e0 JavaThread "Timer-0"                           [_thread_blocked, id=11444, stack(0x000000755ab00000,0x000000755ac00000) (1024K)]
  0x0000020f0460adc0 JavaThread "Timer-1"                           [_thread_blocked, id=24800, stack(0x0000007557500000,0x0000007557600000) (1024K)]
  0x0000020f0460b450 JavaThread "Timer-2"                           [_thread_blocked, id=27148, stack(0x000000755ac00000,0x000000755ad00000) (1024K)]
  0x0000020f04608cf0 JavaThread "Timer-3"                           [_thread_blocked, id=2236, stack(0x000000755ad00000,0x000000755ae00000) (1024K)]
  0x0000020f04609380 JavaThread "Timer-4"                           [_thread_blocked, id=26972, stack(0x000000755ae00000,0x000000755af00000) (1024K)]
  0x0000020f0460a0a0 JavaThread "Timer-5"                           [_thread_blocked, id=18412, stack(0x0000007557200000,0x0000007557300000) (1024K)]
  0x0000020f00abb180 JavaThread "Timer-6"                           [_thread_blocked, id=14916, stack(0x000000755af00000,0x000000755b000000) (1024K)]
  0x0000020f00abb810 JavaThread "Timer-7"                           [_thread_blocked, id=3116, stack(0x000000755b000000,0x000000755b100000) (1024K)]
  0x0000020f03194950 JavaThread "Cleaner-0"                  daemon [_thread_blocked, id=480, stack(0x0000007557000000,0x0000007557100000) (1024K)]
  0x0000020f04604b50 JavaThread "ForkJoinPool.commonPool-worker-41" daemon [_thread_blocked, id=14824, stack(0x0000007554e00000,0x0000007554f00000) (1024K)]
  0x0000020f046072b0 JavaThread "ForkJoinPool.commonPool-worker-42" daemon [_thread_blocked, id=29248, stack(0x0000007554f00000,0x0000007555000000) (1024K)]
  0x0000020f04606590 JavaThread "ForkJoinPool.commonPool-worker-43" daemon [_thread_blocked, id=29824, stack(0x0000007555e00000,0x0000007555f00000) (1024K)]
  0x0000020f00abbea0 JavaThread "ForkJoinPool.commonPool-worker-45" daemon [_thread_blocked, id=30060, stack(0x0000007557100000,0x0000007557200000) (1024K)]
  0x0000020f00abc530 JavaThread "ForkJoinPool.commonPool-worker-44" daemon [_thread_blocked, id=8636, stack(0x0000007557800000,0x0000007557900000) (1024K)]
  0x0000020f00abcbc0 JavaThread "ForkJoinPool.commonPool-worker-46" daemon [_thread_blocked, id=25172, stack(0x0000007557a00000,0x0000007557b00000) (1024K)]
  0x0000020f00ab9740 JavaThread "ForkJoinPool.commonPool-worker-47" daemon [_thread_blocked, id=26092, stack(0x0000007557c00000,0x0000007557d00000) (1024K)]
  0x0000020f00abd250 JavaThread "ForkJoinPool.commonPool-worker-48" daemon [_thread_blocked, id=27616, stack(0x0000007557d00000,0x0000007557e00000) (1024K)]
  0x0000020f00ab9dd0 JavaThread "ForkJoinPool.commonPool-worker-49" daemon [_thread_blocked, id=9124, stack(0x0000007557e00000,0x0000007557f00000) (1024K)]
  0x0000020f00ac06d0 JavaThread "ForkJoinPool.commonPool-worker-50" daemon [_thread_blocked, id=27808, stack(0x0000007557f00000,0x0000007558000000) (1024K)]
  0x0000020f00abec90 JavaThread "ForkJoinPool.commonPool-worker-52" daemon [_thread_blocked, id=17632, stack(0x0000007559300000,0x0000007559400000) (1024K)]
  0x0000020f00abdf70 JavaThread "ForkJoinPool.commonPool-worker-54" daemon [_thread_blocked, id=24944, stack(0x0000007559700000,0x0000007559800000) (1024K)]
  0x0000020f02a71c40 JavaThread "ForkJoinPool.commonPool-worker-56" daemon [_thread_blocked, id=1952, stack(0x0000007559600000,0x0000007559700000) (1024K)]
  0x0000020f03198460 JavaThread "ForkJoinPool.commonPool-worker-57" daemon [_thread_blocked, id=11972, stack(0x0000007559f00000,0x000000755a000000) (1024K)]
  0x0000020f03199180 JavaThread "ForkJoinPool.commonPool-worker-58" daemon [_thread_blocked, id=18172, stack(0x0000007557900000,0x0000007557a00000) (1024K)]
  0x0000020f03199810 JavaThread "Timer-8"                           [_thread_blocked, id=10328, stack(0x0000007559800000,0x0000007559900000) (1024K)]
  0x0000020f03199ea0 JavaThread "Timer-9"                           [_thread_blocked, id=5832, stack(0x0000007559a00000,0x0000007559b00000) (1024K)]
  0x0000020f03196a20 JavaThread "Timer-10"                          [_thread_blocked, id=20716, stack(0x000000755a700000,0x000000755a800000) (1024K)]
  0x0000020f0319abc0 JavaThread "Timer-11"                          [_thread_blocked, id=10704, stack(0x000000755a800000,0x000000755a900000) (1024K)]
  0x0000020f006888a0 JavaThread "Worker-42"                         [_thread_blocked, id=30004, stack(0x0000007558000000,0x0000007558100000) (1024K)]
  0x0000020f0068ca40 JavaThread "Timer-12"                          [_thread_blocked, id=3692, stack(0x000000755a500000,0x000000755a600000) (1024K)]
  0x0000020f0068eb10 JavaThread "Timer-13"                          [_thread_blocked, id=26772, stack(0x000000755a600000,0x000000755a700000) (1024K)]
  0x0000020f0068bd20 JavaThread "Timer-14"                          [_thread_blocked, id=2444, stack(0x000000755b700000,0x000000755b800000) (1024K)]
  0x0000020f0068fec0 JavaThread "Worker-43"                         [_thread_blocked, id=5220, stack(0x000000755b600000,0x000000755b700000) (1024K)]
  0x0000020f02a6e7c0 JavaThread "Timer-15"                          [_thread_blocked, id=29052, stack(0x000000755bd00000,0x000000755be00000) (1024K)]
  0x0000020f02a6b9d0 JavaThread "Timer-16"                          [_thread_blocked, id=9336, stack(0x000000755be00000,0x000000755bf00000) (1024K)]
  0x0000020f02a72ff0 JavaThread "Timer-17"                          [_thread_blocked, id=17456, stack(0x000000755bf00000,0x000000755c000000) (1024K)]
  0x0000020f02a70200 JavaThread "Timer-18"                          [_thread_blocked, id=12304, stack(0x000000755c100000,0x000000755c200000) (1024K)]
  0x0000020f00abaaf0 JavaThread "Timer-19"                          [_thread_blocked, id=8004, stack(0x0000007559e00000,0x0000007559f00000) (1024K)]
  0x0000020f00abf320 JavaThread "Timer-20"                          [_thread_blocked, id=29000, stack(0x000000755a000000,0x000000755a100000) (1024K)]
  0x0000020f00abd8e0 JavaThread "Timer-21"                          [_thread_blocked, id=2968, stack(0x000000755a900000,0x000000755aa00000) (1024K)]
  0x0000020f00ac0d60 JavaThread "LocalFile Deleter"          daemon [_thread_blocked, id=2204, stack(0x000000755b500000,0x000000755b600000) (1024K)]
  0x0000020f04606c20 JavaThread "LocalFile Deleter"          daemon [_thread_blocked, id=25320, stack(0x000000755b800000,0x000000755b900000) (1024K)]
  0x0000020f04605f00 JavaThread "LocalFile Deleter"          daemon [_thread_blocked, id=27584, stack(0x000000755c200000,0x000000755c300000) (1024K)]
  0x0000020f04607fd0 JavaThread "LocalFile Deleter"          daemon [_thread_blocked, id=27196, stack(0x000000755c300000,0x000000755c400000) (1024K)]
  0x0000020f7ec43fd0 JavaThread "LocalFile Deleter"          daemon [_thread_blocked, id=9644, stack(0x000000755c500000,0x000000755c600000) (1024K)]
  0x0000020f7ec44660 JavaThread "Compiler Source File Reader" daemon [_thread_blocked, id=16896, stack(0x000000755c600000,0x000000755c700000) (1024K)]
  0x0000020f7ec44cf0 JavaThread "Compiler Source File Reader" daemon [_thread_blocked, id=10556, stack(0x000000755c700000,0x000000755c800000) (1024K)]
  0x0000020f7ec45380 JavaThread "Compiler Source File Reader" daemon [_thread_blocked, id=5444, stack(0x000000755c800000,0x000000755c900000) (1024K)]
  0x0000020f0068f1a0 JavaThread "Compiler Source File Reader" daemon [_thread_blocked, id=7732, stack(0x000000755c900000,0x000000755ca00000) (1024K)]
  0x0000020f0068f830 JavaThread "Compiler Source File Reader" daemon [_thread_blocked, id=26864, stack(0x000000755ca00000,0x000000755cb00000) (1024K)]
  0x0000020f02a70890 JavaThread "Compiler Source File Reader" daemon [_thread_blocked, id=29672, stack(0x000000755cb00000,0x000000755cc00000) (1024K)]
  0x0000020f15501f00 JavaThread "Compiler Source File Reader" daemon [_thread_blocked, id=10700, stack(0x000000755d300000,0x000000755d400000) (1024K)]
  0x0000020f15500b50 JavaThread "Compiler Source File Reader" daemon [_thread_blocked, id=30704, stack(0x000000755a100000,0x000000755a200000) (1024K)]
  0x0000020f155032b0 JavaThread "Compiler Source File Reader" daemon [_thread_blocked, id=26252, stack(0x000000755a300000,0x000000755a400000) (1024K)]
  0x0000020f154ffe30 JavaThread "Compiler Source File Reader" daemon [_thread_blocked, id=29352, stack(0x0000007559900000,0x0000007559a00000) (1024K)]
  0x0000020f15506dc0 JavaThread "Compiler Source File Reader" daemon [_thread_blocked, id=29744, stack(0x0000007559d00000,0x0000007559e00000) (1024K)]
  0x0000020f15505380 JavaThread "Worker-47"                         [_thread_blocked, id=24680, stack(0x0000007554d00000,0x0000007554e00000) (1024K)]
  0x0000020f15503fd0 JavaThread "Worker-48"                         [_thread_blocked, id=28900, stack(0x0000007556f00000,0x0000007557000000) (1024K)]
  0x0000020f15504660 JavaThread "Compiler Source File Reader" daemon [_thread_blocked, id=14732, stack(0x0000007559c00000,0x0000007559d00000) (1024K)]
  0x0000020f02a6d410 JavaThread "Compiler Source File Reader" daemon [_thread_blocked, id=16112, stack(0x000000755a400000,0x000000755a500000) (1024K)]
  0x0000020f02a6fb70 JavaThread "Compiler Source File Reader" daemon [_thread_blocked, id=17436, stack(0x000000755aa00000,0x000000755ab00000) (1024K)]
  0x0000020f02a6ee50 JavaThread "LocalFile Deleter"          daemon [_thread_blocked, id=14992, stack(0x000000755b100000,0x000000755b200000) (1024K)]
  0x0000020f02a70f20 JavaThread "LocalFile Deleter"          daemon [_thread_blocked, id=28248, stack(0x000000755b200000,0x000000755b300000) (1024K)]
  0x0000020f02a6daa0 JavaThread "LocalFile Deleter"          daemon [_thread_blocked, id=10840, stack(0x000000755b300000,0x000000755b400000) (1024K)]
  0x0000020f02a715b0 JavaThread "Compiler Class File Writer" daemon [_thread_blocked, id=28992, stack(0x000000755b400000,0x000000755b500000) (1024K)]
  0x0000020f00689c50 JavaThread "Compiler Class File Writer" daemon [_thread_blocked, id=12756, stack(0x000000755ba00000,0x000000755bb00000) (1024K)]
  0x0000020f0068d760 JavaThread "Compiler Class File Writer" daemon [_thread_blocked, id=772, stack(0x000000755bb00000,0x000000755bc00000) (1024K)]
  0x0000020f0068a2e0 JavaThread "Compiler Class File Writer" daemon [_thread_blocked, id=27512, stack(0x000000755bc00000,0x000000755bd00000) (1024K)]
  0x0000020f0068a970 JavaThread "Compiler Class File Writer" daemon [_thread_blocked, id=1888, stack(0x000000755c000000,0x000000755c100000) (1024K)]
  0x0000020f03194fe0 JavaThread "Compiler Class File Writer" daemon [_thread_blocked, id=17060, stack(0x000000755cc00000,0x000000755cd00000) (1024K)]
  0x0000020f03198af0 JavaThread "Compiler Class File Writer" daemon [_thread_blocked, id=9492, stack(0x000000755d500000,0x000000755d600000) (1024K)]
  0x0000020f03196390 JavaThread "Worker-49"                         [_thread_blocked, id=1648, stack(0x000000755d600000,0x000000755d700000) (1024K)]
  0x0000020f03197dd0 JavaThread "Worker-50"                         [_thread_blocked, id=16568, stack(0x000000755d700000,0x000000755d800000) (1024K)]
  0x0000020f15502c20 JavaThread "Compiler Processing Task"   daemon [_thread_blocked, id=2608, stack(0x0000007559b00000,0x0000007559c00000) (1024K)]
Total: 114

Other Threads:
  0x0000020f1f93eb70 VMThread "VM Thread"                           [id=26460, stack(0x0000007555300000,0x0000007555400000) (1024K)]
  0x0000020f770dca00 WatcherThread "VM Periodic Task Thread"        [id=17280, stack(0x0000007555200000,0x0000007555300000) (1024K)]
  0x0000020f21d00be0 WorkerThread "GC Thread#0"                     [id=8364, stack(0x0000007555100000,0x0000007555200000) (1024K)]
=>0x0000020f7e4f3950 WorkerThread "GC Thread#1"                     [id=12024, stack(0x0000007556300000,0x0000007556400000) (1024K)]
  0x0000020f7e4f3cf0 WorkerThread "GC Thread#2"                     [id=14520, stack(0x0000007556400000,0x0000007556500000) (1024K)]
  0x0000020f7e48a670 WorkerThread "GC Thread#3"                     [id=24272, stack(0x0000007556500000,0x0000007556600000) (1024K)]
  0x0000020f7e48aa10 WorkerThread "GC Thread#4"                     [id=9612, stack(0x0000007556600000,0x0000007556700000) (1024K)]
  0x0000020f7e48adb0 WorkerThread "GC Thread#5"                     [id=1364, stack(0x0000007556700000,0x0000007556800000) (1024K)]
  0x0000020f7e48b150 WorkerThread "GC Thread#6"                     [id=10052, stack(0x0000007556800000,0x0000007556900000) (1024K)]
  0x0000020f78b137d0 WorkerThread "GC Thread#7"                     [id=7916, stack(0x0000007556000000,0x0000007556100000) (1024K)]
  0x0000020f7e6e3230 WorkerThread "GC Thread#8"                     [id=8048, stack(0x0000007555f00000,0x0000007556000000) (1024K)]
  0x0000020f7ed88c80 WorkerThread "GC Thread#9"                     [id=2160, stack(0x0000007556d00000,0x0000007556e00000) (1024K)]
  0x0000020f7ed888e0 WorkerThread "GC Thread#10"                    [id=12220, stack(0x0000007556e00000,0x0000007556f00000) (1024K)]
  0x0000020f7ed893c0 WorkerThread "GC Thread#11"                    [id=4884, stack(0x0000007557300000,0x0000007557400000) (1024K)]
  0x0000020f7ed89b00 WorkerThread "GC Thread#12"                    [id=19972, stack(0x0000007557600000,0x0000007557700000) (1024K)]
Total: 15

Threads with active compile tasks:
Total: 0

VM state: at safepoint (normal execution)

VM Mutex/Monitor currently owned by a thread:  ([mutex/lock_event])
[0x00007ffa79a8e380] Threads_lock - owner thread: 0x0000020f1f93eb70
[0x00007ffa79a8e480] Heap_lock - owner thread: 0x0000020f7ec45a10

Heap address: 0x00000000c0000000, size: 1024 MB, Compressed Oops mode: 32-bit

CDS archive(s) mapped at: [0x0000020f36000000-0x0000020f36ba0000-0x0000020f36ba0000), size 12189696, SharedBaseAddress: 0x0000020f36000000, ArchiveRelocationMode: 1.
Compressed class space mapped at: 0x0000020f37000000-0x0000020f77000000, reserved size: 1073741824
Narrow klass base: 0x0000020f36000000, Narrow klass shift: 0, Narrow klass range: 0x100000000

GC Precious Log:
 CardTable entry size: 512
 CPUs: 16 total, 16 available
 Memory: 16312M
 Large Page Support: Disabled
 NUMA Support: Disabled
 Compressed Oops: Enabled (32-bit)
 Alignments: Space 512K, Generation 512K, Heap 2M
 Heap Min Capacity: 100M
 Heap Initial Capacity: 100M
 Heap Max Capacity: 1G
 Pre-touch: Disabled
 Parallel Workers: 13

Heap:
 PSYoungGen      total 6144K, used 4785K [0x00000000eab00000, 0x00000000eb400000, 0x0000000100000000)
  eden space 3072K, 87% used [0x00000000eab00000,0x00000000ead9e570,0x00000000eae00000)
  from space 3072K, 68% used [0x00000000eae00000,0x00000000eb00e000,0x00000000eb100000)
  to   space 2560K, 99% used [0x00000000eb180000,0x00000000eb3fc000,0x00000000eb400000)
 ParOldGen       total 292352K, used 291892K [0x00000000c0000000, 0x00000000d1d80000, 0x00000000eab00000)
  object space 292352K, 99% used [0x00000000c0000000,0x00000000d1d0d0d0,0x00000000d1d80000)
 Metaspace       used 106927K, committed 108864K, reserved 1179648K
  class space    used 11690K, committed 12608K, reserved 1048576K

Card table byte_map: [0x0000020f21680000,0x0000020f21890000] _byte_map_base: 0x0000020f21080000

Marking Bits: (ParMarkBitMap*) 0x00007ffa79a93260
 Begin Bits: [0x0000020f33ed0000, 0x0000020f34ed0000)
 End Bits:   [0x0000020f34ed0000, 0x0000020f35ed0000)

Polling page: 0x0000020f1fa80000

Metaspace:

Usage:
  Non-class:     93.00 MB used.
      Class:     11.42 MB used.
       Both:    104.42 MB used.

Virtual space:
  Non-class space:      128.00 MB reserved,      94.00 MB ( 73%) committed,  2 nodes.
      Class space:        1.00 GB reserved,      12.31 MB (  1%) committed,  1 nodes.
             Both:        1.12 GB reserved,     106.31 MB (  9%) committed. 

Chunk freelists:
   Non-Class:  1.75 MB
       Class:  3.67 MB
        Both:  5.42 MB

MaxMetaspaceSize: unlimited
CompressedClassSpaceSize: 1.00 GB
Initial GC threshold: 21.00 MB
Current GC threshold: 176.81 MB
CDS: on
 - commit_granule_bytes: 65536.
 - commit_granule_words: 8192.
 - virtual_space_node_default_size: 8388608.
 - enlarge_chunks_in_place: 1.
 - use_allocation_guard: 0.


Internal statistics:

num_allocs_failed_limit: 9.
num_arena_births: 2596.
num_arena_deaths: 840.
num_vsnodes_births: 3.
num_vsnodes_deaths: 0.
num_space_committed: 1701.
num_space_uncommitted: 0.
num_chunks_returned_to_freelist: 1059.
num_chunks_taken_from_freelist: 8180.
num_chunk_merges: 329.
num_chunk_splits: 4713.
num_chunks_enlarged: 2676.
num_inconsistent_stats: 0.

CodeHeap 'non-profiled nmethods': size=119168Kb used=20104Kb max_used=20104Kb free=99063Kb
 bounds [0x0000020f2ca70000, 0x0000020f2de20000, 0x0000020f33ed0000]
CodeHeap 'profiled nmethods': size=119104Kb used=36101Kb max_used=38358Kb free=83002Kb
 bounds [0x0000020f24ed0000, 0x0000020f27450000, 0x0000020f2c320000]
CodeHeap 'non-nmethods': size=7488Kb used=1552Kb max_used=3343Kb free=5935Kb
 bounds [0x0000020f2c320000, 0x0000020f2c690000, 0x0000020f2ca70000]
 total_blobs=15584 nmethods=14710 adapters=773
 compilation: enabled
              stopped_count=0, restarted_count=0
 full_count=0

Compilation events (20 events):
Event: 49940.697 Thread 0x0000020f787f6f90 28308       3       org.eclipse.core.internal.filebuffers.ExtensionsRegistry::doGetDocumentSetupParticipants (152 bytes)
Event: 49940.699 Thread 0x0000020f787f6f90 nmethod 28308 0x0000020f26b8ff10 code [0x0000020f26b90260, 0x0000020f26b91a08]
Event: 49940.699 Thread 0x0000020f787f6f90 28309       3       java.lang.invoke.LambdaForm$DMH/0x0000020f37a58400::newInvokeSpecial (24 bytes)
Event: 49940.699 Thread 0x0000020f787f6f90 nmethod 28309 0x0000020f26b8f390 code [0x0000020f26b8f580, 0x0000020f26b8fd08]
Event: 49941.462 Thread 0x0000020f787f58e0 28310       4       org.eclipse.jdt.internal.compiler.codegen.ConstantPool::literalIndexForType (35 bytes)
Event: 49941.463 Thread 0x0000020f787f58e0 nmethod 28310 0x0000020f2de10b10 code [0x0000020f2de10cc0, 0x0000020f2de10e18]
Event: 49953.483 Thread 0x0000020f787f6f90 28311       3       org.eclipse.jdt.core.dom.InfixExpression::internalGetSetChildProperty (60 bytes)
Event: 49953.483 Thread 0x0000020f787f6f90 nmethod 28311 0x0000020f26b8e910 code [0x0000020f26b8eb40, 0x0000020f26b8f1c0]
Event: 49953.517 Thread 0x0000020f787f6f90 28312       3       com.microsoft.java.debug.plugin.internal.JavaDebugDelegateCommandHandler::executeCommand (655 bytes)
Event: 49953.519 Thread 0x0000020f787f6f90 nmethod 28312 0x0000020f26b8a390 code [0x0000020f26b8ab00, 0x0000020f26b8db90]
Event: 49953.690 Thread 0x0000020f787f6f90 28313       3       org.eclipse.jdt.internal.compiler.ClassFile::addProblemConstructor (245 bytes)
Event: 49953.693 Thread 0x0000020f787f6f90 nmethod 28313 0x0000020f26b86310 code [0x0000020f26b86820, 0x0000020f26b89308]
Event: 49954.802 Thread 0x0000020f787f58e0 28314       4       org.eclipse.core.internal.events.ResourceDelta::getAffectedChildren (326 bytes)
Event: 49954.805 Thread 0x0000020f787f6f90 28315       3       org.eclipse.core.internal.filebuffers.ExtensionsRegistry::doGetDocumentFactory (73 bytes)
Event: 49954.805 Thread 0x0000020f787f6f90 nmethod 28315 0x0000020f26b84d10 code [0x0000020f26b84fc0, 0x0000020f26b85e50]
Event: 49954.814 Thread 0x0000020f787f58e0 nmethod 28314 0x0000020f2de10f90 code [0x0000020f2de11180, 0x0000020f2de11828]
Event: 49954.816 Thread 0x0000020f787f6f90 28316       1       org.eclipse.core.internal.properties.PropertyBucket::getIndexFileName (3 bytes)
Event: 49954.816 Thread 0x0000020f787f6f90 nmethod 28316 0x0000020f2de11c90 code [0x0000020f2de11e20, 0x0000020f2de11ef0]
Event: 49954.817 Thread 0x0000020f787f6f90 28317       1       org.eclipse.lsp4j.DidSaveTextDocumentParams::getTextDocument (5 bytes)
Event: 49954.817 Thread 0x0000020f787f6f90 nmethod 28317 0x0000020f2de11f90 code [0x0000020f2de12120, 0x0000020f2de121e8]

GC Heap History (20 events):
Event: 49953.692 GC heap after
{Heap after GC invocations=4865 (full 13):
 PSYoungGen      total 4608K, used 512K [0x00000000eab00000, 0x00000000eb400000, 0x0000000100000000)
  eden space 4096K, 0% used [0x00000000eab00000,0x00000000eab00000,0x00000000eaf00000)
  from space 512K, 100% used [0x00000000eb380000,0x00000000eb400000,0x00000000eb400000)
  to   space 1536K, 0% used [0x00000000eb100000,0x00000000eb100000,0x00000000eb280000)
 ParOldGen       total 272384K, used 271912K [0x00000000c0000000, 0x00000000d0a00000, 0x00000000eab00000)
  object space 272384K, 99% used [0x00000000c0000000,0x00000000d098a158,0x00000000d0a00000)
 Metaspace       used 106926K, committed 108864K, reserved 1179648K
  class space    used 11690K, committed 12608K, reserved 1048576K
}
Event: 49954.819 GC heap before
{Heap before GC invocations=4866 (full 13):
 PSYoungGen      total 4608K, used 4515K [0x00000000eab00000, 0x00000000eb400000, 0x0000000100000000)
  eden space 4096K, 97% used [0x00000000eab00000,0x00000000eaee8ef0,0x00000000eaf00000)
  from space 512K, 100% used [0x00000000eb380000,0x00000000eb400000,0x00000000eb400000)
  to   space 1536K, 0% used [0x00000000eb100000,0x00000000eb100000,0x00000000eb280000)
 ParOldGen       total 272384K, used 271912K [0x00000000c0000000, 0x00000000d0a00000, 0x00000000eab00000)
  object space 272384K, 99% used [0x00000000c0000000,0x00000000d098a158,0x00000000d0a00000)
 Metaspace       used 106927K, committed 108864K, reserved 1179648K
  class space    used 11690K, committed 12608K, reserved 1048576K
}
Event: 49954.821 GC heap after
{Heap after GC invocations=4866 (full 13):
 PSYoungGen      total 5632K, used 1158K [0x00000000eab00000, 0x00000000eb400000, 0x0000000100000000)
  eden space 4096K, 0% used [0x00000000eab00000,0x00000000eab00000,0x00000000eaf00000)
  from space 1536K, 75% used [0x00000000eb100000,0x00000000eb221a68,0x00000000eb280000)
  to   space 1536K, 0% used [0x00000000eb280000,0x00000000eb280000,0x00000000eb400000)
 ParOldGen       total 272896K, used 272430K [0x00000000c0000000, 0x00000000d0a80000, 0x00000000eab00000)
  object space 272896K, 99% used [0x00000000c0000000,0x00000000d0a0bbf0,0x00000000d0a80000)
 Metaspace       used 106927K, committed 108864K, reserved 1179648K
  class space    used 11690K, committed 12608K, reserved 1048576K
}
Event: 49954.825 GC heap before
{Heap before GC invocations=4867 (full 13):
 PSYoungGen      total 5632K, used 5254K [0x00000000eab00000, 0x00000000eb400000, 0x0000000100000000)
  eden space 4096K, 100% used [0x00000000eab00000,0x00000000eaf00000,0x00000000eaf00000)
  from space 1536K, 75% used [0x00000000eb100000,0x00000000eb221a68,0x00000000eb280000)
  to   space 1536K, 0% used [0x00000000eb280000,0x00000000eb280000,0x00000000eb400000)
 ParOldGen       total 272896K, used 272430K [0x00000000c0000000, 0x00000000d0a80000, 0x00000000eab00000)
  object space 272896K, 99% used [0x00000000c0000000,0x00000000d0a0bbf0,0x00000000d0a80000)
 Metaspace       used 106927K, committed 108864K, reserved 1179648K
  class space    used 11690K, committed 12608K, reserved 1048576K
}
Event: 49954.827 GC heap after
{Heap after GC invocations=4867 (full 13):
 PSYoungGen      total 3072K, used 1510K [0x00000000eab00000, 0x00000000ebb80000, 0x0000000100000000)
  eden space 1536K, 0% used [0x00000000eab00000,0x00000000eab00000,0x00000000eac80000)
  from space 1536K, 98% used [0x00000000eb280000,0x00000000eb3f9a68,0x00000000eb400000)
  to   space 6144K, 0% used [0x00000000eac80000,0x00000000eac80000,0x00000000eb280000)
 ParOldGen       total 275968K, used 275933K [0x00000000c0000000, 0x00000000d0d80000, 0x00000000eab00000)
  object space 275968K, 99% used [0x00000000c0000000,0x00000000d0d77658,0x00000000d0d80000)
 Metaspace       used 106927K, committed 108864K, reserved 1179648K
  class space    used 11690K, committed 12608K, reserved 1048576K
}
Event: 49954.829 GC heap before
{Heap before GC invocations=4868 (full 13):
 PSYoungGen      total 3072K, used 3046K [0x00000000eab00000, 0x00000000ebb80000, 0x0000000100000000)
  eden space 1536K, 100% used [0x00000000eab00000,0x00000000eac80000,0x00000000eac80000)
  from space 1536K, 98% used [0x00000000eb280000,0x00000000eb3f9a68,0x00000000eb400000)
  to   space 6144K, 0% used [0x00000000eac80000,0x00000000eac80000,0x00000000eb280000)
 ParOldGen       total 275968K, used 275933K [0x00000000c0000000, 0x00000000d0d80000, 0x00000000eab00000)
  object space 275968K, 99% used [0x00000000c0000000,0x00000000d0d77658,0x00000000d0d80000)
 Metaspace       used 106927K, committed 108864K, reserved 1179648K
  class space    used 11690K, committed 12608K, reserved 1048576K
}
Event: 49954.831 GC heap after
{Heap after GC invocations=4868 (full 13):
 PSYoungGen      total 5120K, used 3206K [0x00000000eab00000, 0x00000000eb500000, 0x0000000100000000)
  eden space 1536K, 0% used [0x00000000eab00000,0x00000000eab00000,0x00000000eac80000)
  from space 3584K, 89% used [0x00000000eac80000,0x00000000eafa1a68,0x00000000eb000000)
  to   space 4096K, 0% used [0x00000000eb100000,0x00000000eb100000,0x00000000eb500000)
 ParOldGen       total 276480K, used 276029K [0x00000000c0000000, 0x00000000d0e00000, 0x00000000eab00000)
  object space 276480K, 99% used [0x00000000c0000000,0x00000000d0d8f658,0x00000000d0e00000)
 Metaspace       used 106927K, committed 108864K, reserved 1179648K
  class space    used 11690K, committed 12608K, reserved 1048576K
}
Event: 49954.833 GC heap before
{Heap before GC invocations=4869 (full 13):
 PSYoungGen      total 5120K, used 4742K [0x00000000eab00000, 0x00000000eb500000, 0x0000000100000000)
  eden space 1536K, 100% used [0x00000000eab00000,0x00000000eac80000,0x00000000eac80000)
  from space 3584K, 89% used [0x00000000eac80000,0x00000000eafa1a68,0x00000000eb000000)
  to   space 4096K, 0% used [0x00000000eb100000,0x00000000eb100000,0x00000000eb500000)
 ParOldGen       total 276480K, used 276029K [0x00000000c0000000, 0x00000000d0e00000, 0x00000000eab00000)
  object space 276480K, 99% used [0x00000000c0000000,0x00000000d0d8f658,0x00000000d0e00000)
 Metaspace       used 106927K, committed 108864K, reserved 1179648K
  class space    used 11690K, committed 12608K, reserved 1048576K
}
Event: 49954.835 GC heap after
{Heap after GC invocations=4869 (full 13):
 PSYoungGen      total 5632K, used 3168K [0x00000000eab00000, 0x00000000eb480000, 0x0000000100000000)
  eden space 2048K, 0% used [0x00000000eab00000,0x00000000eab00000,0x00000000ead00000)
  from space 3584K, 88% used [0x00000000eb100000,0x00000000eb418000,0x00000000eb480000)
  to   space 3584K, 0% used [0x00000000ead80000,0x00000000ead80000,0x00000000eb100000)
 ParOldGen       total 278016K, used 277588K [0x00000000c0000000, 0x00000000d0f80000, 0x00000000eab00000)
  object space 278016K, 99% used [0x00000000c0000000,0x00000000d0f150d0,0x00000000d0f80000)
 Metaspace       used 106927K, committed 108864K, reserved 1179648K
  class space    used 11690K, committed 12608K, reserved 1048576K
}
Event: 49954.838 GC heap before
{Heap before GC invocations=4870 (full 13):
 PSYoungGen      total 5632K, used 5216K [0x00000000eab00000, 0x00000000eb480000, 0x0000000100000000)
  eden space 2048K, 100% used [0x00000000eab00000,0x00000000ead00000,0x00000000ead00000)
  from space 3584K, 88% used [0x00000000eb100000,0x00000000eb418000,0x00000000eb480000)
  to   space 3584K, 0% used [0x00000000ead80000,0x00000000ead80000,0x00000000eb100000)
 ParOldGen       total 278016K, used 277588K [0x00000000c0000000, 0x00000000d0f80000, 0x00000000eab00000)
  object space 278016K, 99% used [0x00000000c0000000,0x00000000d0f150d0,0x00000000d0f80000)
 Metaspace       used 106927K, committed 108864K, reserved 1179648K
  class space    used 11690K, committed 12608K, reserved 1048576K
}
Event: 49954.840 GC heap after
{Heap after GC invocations=4870 (full 13):
 PSYoungGen      total 5120K, used 2240K [0x00000000eab00000, 0x00000000eb380000, 0x0000000100000000)
  eden space 2560K, 0% used [0x00000000eab00000,0x00000000eab00000,0x00000000ead80000)
  from space 2560K, 87% used [0x00000000ead80000,0x00000000eafb0000,0x00000000eb000000)
  to   space 3072K, 0% used [0x00000000eb080000,0x00000000eb080000,0x00000000eb380000)
 ParOldGen       total 281088K, used 280668K [0x00000000c0000000, 0x00000000d1280000, 0x00000000eab00000)
  object space 281088K, 99% used [0x00000000c0000000,0x00000000d12170d0,0x00000000d1280000)
 Metaspace       used 106927K, committed 108864K, reserved 1179648K
  class space    used 11690K, committed 12608K, reserved 1048576K
}
Event: 49954.843 GC heap before
{Heap before GC invocations=4871 (full 13):
 PSYoungGen      total 5120K, used 4800K [0x00000000eab00000, 0x00000000eb380000, 0x0000000100000000)
  eden space 2560K, 100% used [0x00000000eab00000,0x00000000ead80000,0x00000000ead80000)
  from space 2560K, 87% used [0x00000000ead80000,0x00000000eafb0000,0x00000000eb000000)
  to   space 3072K, 0% used [0x00000000eb080000,0x00000000eb080000,0x00000000eb380000)
 ParOldGen       total 281088K, used 280668K [0x00000000c0000000, 0x00000000d1280000, 0x00000000eab00000)
  object space 281088K, 99% used [0x00000000c0000000,0x00000000d12170d0,0x00000000d1280000)
 Metaspace       used 106927K, committed 108864K, reserved 1179648K
  class space    used 11690K, committed 12608K, reserved 1048576K
}
Event: 49954.845 GC heap after
{Heap after GC invocations=4871 (full 13):
 PSYoungGen      total 5632K, used 2720K [0x00000000eab00000, 0x00000000eb400000, 0x0000000100000000)
  eden space 2560K, 0% used [0x00000000eab00000,0x00000000eab00000,0x00000000ead80000)
  from space 3072K, 88% used [0x00000000eb080000,0x00000000eb328000,0x00000000eb380000)
  to   space 3072K, 0% used [0x00000000ead80000,0x00000000ead80000,0x00000000eb080000)
 ParOldGen       total 283136K, used 282772K [0x00000000c0000000, 0x00000000d1480000, 0x00000000eab00000)
  object space 283136K, 99% used [0x00000000c0000000,0x00000000d14250d0,0x00000000d1480000)
 Metaspace       used 106927K, committed 108864K, reserved 1179648K
  class space    used 11690K, committed 12608K, reserved 1048576K
}
Event: 49954.849 GC heap before
{Heap before GC invocations=4872 (full 13):
 PSYoungGen      total 5632K, used 5280K [0x00000000eab00000, 0x00000000eb400000, 0x0000000100000000)
  eden space 2560K, 100% used [0x00000000eab00000,0x00000000ead80000,0x00000000ead80000)
  from space 3072K, 88% used [0x00000000eb080000,0x00000000eb328000,0x00000000eb380000)
  to   space 3072K, 0% used [0x00000000ead80000,0x00000000ead80000,0x00000000eb080000)
 ParOldGen       total 283136K, used 282772K [0x00000000c0000000, 0x00000000d1480000, 0x00000000eab00000)
  object space 283136K, 99% used [0x00000000c0000000,0x00000000d14250d0,0x00000000d1480000)
 Metaspace       used 106927K, committed 108864K, reserved 1179648K
  class space    used 11690K, committed 12608K, reserved 1048576K
}
Event: 49954.851 GC heap after
{Heap after GC invocations=4872 (full 13):
 PSYoungGen      total 5632K, used 2720K [0x00000000eab00000, 0x00000000eb400000, 0x0000000100000000)
  eden space 2560K, 0% used [0x00000000eab00000,0x00000000eab00000,0x00000000ead80000)
  from space 3072K, 88% used [0x00000000ead80000,0x00000000eb028000,0x00000000eb080000)
  to   space 3072K, 0% used [0x00000000eb100000,0x00000000eb100000,0x00000000eb400000)
 ParOldGen       total 285696K, used 285372K [0x00000000c0000000, 0x00000000d1700000, 0x00000000eab00000)
  object space 285696K, 99% used [0x00000000c0000000,0x00000000d16af0d0,0x00000000d1700000)
 Metaspace       used 106927K, committed 108864K, reserved 1179648K
  class space    used 11690K, committed 12608K, reserved 1048576K
}
Event: 49954.855 GC heap before
{Heap before GC invocations=4873 (full 13):
 PSYoungGen      total 5632K, used 5258K [0x00000000eab00000, 0x00000000eb400000, 0x0000000100000000)
  eden space 2560K, 99% used [0x00000000eab00000,0x00000000ead7abd8,0x00000000ead80000)
  from space 3072K, 88% used [0x00000000ead80000,0x00000000eb028000,0x00000000eb080000)
  to   space 3072K, 0% used [0x00000000eb100000,0x00000000eb100000,0x00000000eb400000)
 ParOldGen       total 285696K, used 285372K [0x00000000c0000000, 0x00000000d1700000, 0x00000000eab00000)
  object space 285696K, 99% used [0x00000000c0000000,0x00000000d16af0d0,0x00000000d1700000)
 Metaspace       used 106927K, committed 108864K, reserved 1179648K
  class space    used 11690K, committed 12608K, reserved 1048576K
}
Event: 49954.856 GC heap after
{Heap after GC invocations=4873 (full 13):
 PSYoungGen      total 6144K, used 2688K [0x00000000eab00000, 0x00000000eb400000, 0x0000000100000000)
  eden space 3072K, 0% used [0x00000000eab00000,0x00000000eab00000,0x00000000eae00000)
  from space 3072K, 87% used [0x00000000eb100000,0x00000000eb3a0000,0x00000000eb400000)
  to   space 3072K, 0% used [0x00000000eae00000,0x00000000eae00000,0x00000000eb100000)
 ParOldGen       total 288256K, used 287988K [0x00000000c0000000, 0x00000000d1980000, 0x00000000eab00000)
  object space 288256K, 99% used [0x00000000c0000000,0x00000000d193d0d0,0x00000000d1980000)
 Metaspace       used 106927K, committed 108864K, reserved 1179648K
  class space    used 11690K, committed 12608K, reserved 1048576K
}
Event: 49954.870 GC heap before
{Heap before GC invocations=4874 (full 13):
 PSYoungGen      total 6144K, used 5349K [0x00000000eab00000, 0x00000000eb400000, 0x0000000100000000)
  eden space 3072K, 86% used [0x00000000eab00000,0x00000000ead99630,0x00000000eae00000)
  from space 3072K, 87% used [0x00000000eb100000,0x00000000eb3a0000,0x00000000eb400000)
  to   space 3072K, 0% used [0x00000000eae00000,0x00000000eae00000,0x00000000eb100000)
 ParOldGen       total 288256K, used 287988K [0x00000000c0000000, 0x00000000d1980000, 0x00000000eab00000)
  object space 288256K, 99% used [0x00000000c0000000,0x00000000d193d0d0,0x00000000d1980000)
 Metaspace       used 106927K, committed 108864K, reserved 1179648K
  class space    used 11690K, committed 12608K, reserved 1048576K
}
Event: 49954.872 GC heap after
{Heap after GC invocations=4874 (full 13):
 PSYoungGen      total 6144K, used 2104K [0x00000000eab00000, 0x00000000eb400000, 0x0000000100000000)
  eden space 3072K, 0% used [0x00000000eab00000,0x00000000eab00000,0x00000000eae00000)
  from space 3072K, 68% used [0x00000000eae00000,0x00000000eb00e000,0x00000000eb100000)
  to   space 2560K, 0% used [0x00000000eb180000,0x00000000eb180000,0x00000000eb400000)
 ParOldGen       total 290816K, used 290484K [0x00000000c0000000, 0x00000000d1c00000, 0x00000000eab00000)
  object space 290816K, 99% used [0x00000000c0000000,0x00000000d1bad0d0,0x00000000d1c00000)
 Metaspace       used 106927K, committed 108864K, reserved 1179648K
  class space    used 11690K, committed 12608K, reserved 1048576K
}
Event: 49954.912 GC heap before
{Heap before GC invocations=4875 (full 13):
 PSYoungGen      total 6144K, used 4785K [0x00000000eab00000, 0x00000000eb400000, 0x0000000100000000)
  eden space 3072K, 87% used [0x00000000eab00000,0x00000000ead9e570,0x00000000eae00000)
  from space 3072K, 68% used [0x00000000eae00000,0x00000000eb00e000,0x00000000eb100000)
  to   space 2560K, 0% used [0x00000000eb180000,0x00000000eb180000,0x00000000eb400000)
 ParOldGen       total 290816K, used 290484K [0x00000000c0000000, 0x00000000d1c00000, 0x00000000eab00000)
  object space 290816K, 99% used [0x00000000c0000000,0x00000000d1bad0d0,0x00000000d1c00000)
 Metaspace       used 106927K, committed 108864K, reserved 1179648K
  class space    used 11690K, committed 12608K, reserved 1048576K
}

Dll operation events (15 events):
Event: 0.008 Loaded shared library c:\Users\Farhan\.vscode\extensions\redhat.java-1.41.1-win32-x64\jre\21.0.6-win32-x86_64\bin\java.dll
Event: 0.054 Loaded shared library c:\Users\Farhan\.vscode\extensions\redhat.java-1.41.1-win32-x64\jre\21.0.6-win32-x86_64\bin\zip.dll
Event: 0.068 Loaded shared library C:\Users\Farhan\.vscode\extensions\redhat.java-1.41.1-win32-x64\jre\21.0.6-win32-x86_64\bin\instrument.dll
Event: 0.071 Loaded shared library C:\Users\Farhan\.vscode\extensions\redhat.java-1.41.1-win32-x64\jre\21.0.6-win32-x86_64\bin\net.dll
Event: 0.073 Loaded shared library C:\Users\Farhan\.vscode\extensions\redhat.java-1.41.1-win32-x64\jre\21.0.6-win32-x86_64\bin\nio.dll
Event: 0.075 Loaded shared library C:\Users\Farhan\.vscode\extensions\redhat.java-1.41.1-win32-x64\jre\21.0.6-win32-x86_64\bin\zip.dll
Event: 0.086 Loaded shared library C:\Users\Farhan\.vscode\extensions\redhat.java-1.41.1-win32-x64\jre\21.0.6-win32-x86_64\bin\jimage.dll
Event: 0.132 Loaded shared library c:\Users\Farhan\.vscode\extensions\redhat.java-1.41.1-win32-x64\jre\21.0.6-win32-x86_64\bin\verify.dll
Event: 3.695 Loaded shared library C:\Users\Farhan\AppData\Roaming\Code\User\globalStorage\redhat.java\1.41.1\config_win\org.eclipse.equinox.launcher\org.eclipse.equinox.launcher.win32.win32.x86_64_1.2.1300.v20250331-1702\eclipse_11911.dll
Event: 9.792 Loaded shared library C:\Users\Farhan\AppData\Local\Temp\jna-2097121342\jna13878243313573724175.dll
Event: 40.725 Loaded shared library C:\Users\Farhan\.vscode\extensions\redhat.java-1.41.1-win32-x64\jre\21.0.6-win32-x86_64\bin\management.dll
Event: 40.727 Loaded shared library C:\Users\Farhan\.vscode\extensions\redhat.java-1.41.1-win32-x64\jre\21.0.6-win32-x86_64\bin\management_ext.dll
Event: 100.810 Loaded shared library C:\Users\Farhan\.vscode\extensions\redhat.java-1.41.1-win32-x64\jre\21.0.6-win32-x86_64\bin\sunmscapi.dll
Event: 101.001 Loaded shared library C:\Users\Farhan\.vscode\extensions\redhat.java-1.41.1-win32-x64\jre\21.0.6-win32-x86_64\bin\extnet.dll
Event: 439.766 Loaded shared library C:\Users\Farhan\.gradle\native\1def1411415f61bf3af743bc5b6707747c0891f09f0c88961ee8f79bc544acac\windows-amd64\native-platform.dll

Deoptimization events (20 events):
Event: 49876.160 Thread 0x0000020f006895c0 Uncommon trap: trap_request=0xffffff45 fr.pc=0x0000020f2dbc5b74 relative=0x00000000000007f4
Event: 49876.160 Thread 0x0000020f006895c0 Uncommon trap: reason=unstable_if action=reinterpret pc=0x0000020f2dbc5b74 method=org.eclipse.jdt.internal.codeassist.CompletionEngine.computeRelevanceForCaseMatching([C[C)I @ 6 c2
Event: 49876.160 Thread 0x0000020f006895c0 DEOPT PACKING pc=0x0000020f2dbc5b74 sp=0x00000075595fdbd0
Event: 49876.160 Thread 0x0000020f006895c0 DEOPT UNPACKING pc=0x0000020f2c373aa2 sp=0x00000075595fdb88 mode 2
Event: 49876.344 Thread 0x0000020f006895c0 DEOPT PACKING pc=0x0000020f265ffb3f sp=0x00000075595fd2e0
Event: 49876.344 Thread 0x0000020f006895c0 DEOPT UNPACKING pc=0x0000020f2c374242 sp=0x00000075595fc790 mode 0
Event: 49883.719 Thread 0x0000020f03197dd0 DEOPT PACKING pc=0x0000020f2692b397 sp=0x000000755d7fe4d0
Event: 49883.719 Thread 0x0000020f03197dd0 DEOPT UNPACKING pc=0x0000020f2c374242 sp=0x000000755d7fd990 mode 0
Event: 49938.410 Thread 0x0000020f00abec90 Uncommon trap: trap_request=0xffffffd6 fr.pc=0x0000020f2d109dd0 relative=0x00000000000014f0
Event: 49938.410 Thread 0x0000020f00abec90 Uncommon trap: reason=array_check action=maybe_recompile pc=0x0000020f2d109dd0 method=java.util.TimSort.mergeHi(IIII)V @ 657 c2
Event: 49938.410 Thread 0x0000020f00abec90 DEOPT PACKING pc=0x0000020f2d109dd0 sp=0x00000075593fda00
Event: 49938.410 Thread 0x0000020f00abec90 DEOPT UNPACKING pc=0x0000020f2c373aa2 sp=0x00000075593fd9c8 mode 2
Event: 49940.689 Thread 0x0000020f15502c20 Uncommon trap: trap_request=0xffffffde fr.pc=0x0000020f2dc832cc relative=0x00000000000036ac
Event: 49940.689 Thread 0x0000020f15502c20 Uncommon trap: reason=class_check action=maybe_recompile pc=0x0000020f2dc832cc method=org.eclipse.jdt.internal.compiler.ast.MessageSend.resolveType(Lorg/eclipse/jdt/internal/compiler/lookup/BlockScope;)Lorg/eclipse/jdt/internal/compiler/lookup/TypeBinding
Event: 49940.689 Thread 0x0000020f15502c20 DEOPT PACKING pc=0x0000020f2dc832cc sp=0x0000007559bfed80
Event: 49940.689 Thread 0x0000020f15502c20 DEOPT UNPACKING pc=0x0000020f2c373aa2 sp=0x0000007559bfed50 mode 2
Event: 49941.721 Thread 0x0000020f00ab9dd0 Uncommon trap: trap_request=0xffffff45 fr.pc=0x0000020f2dd05590 relative=0x0000000000000b10
Event: 49941.721 Thread 0x0000020f00ab9dd0 Uncommon trap: reason=unstable_if action=reinterpret pc=0x0000020f2dd05590 method=org.eclipse.jdt.core.dom.TypeBinding.getName()Ljava/lang/String; @ 7 c2
Event: 49941.721 Thread 0x0000020f00ab9dd0 DEOPT PACKING pc=0x0000020f2dd05590 sp=0x0000007557efe320
Event: 49941.721 Thread 0x0000020f00ab9dd0 DEOPT UNPACKING pc=0x0000020f2c373aa2 sp=0x0000007557efe2b8 mode 2

Classes loaded (20 events):
Event: 49542.803 Loading class java/lang/Process$PipeInputStream
Event: 49542.804 Loading class java/lang/Process$PipeInputStream done
Event: 49542.809 Loading class jdk/internal/event/ProcessStartEvent
Event: 49542.810 Loading class jdk/internal/event/ProcessStartEvent done
Event: 49543.075 Loading class java/util/EnumMap$EntrySet
Event: 49543.075 Loading class java/util/EnumMap$EntrySet done
Event: 49543.075 Loading class java/util/EnumMap$EntryIterator
Event: 49543.075 Loading class java/util/EnumMap$EnumMapIterator
Event: 49543.075 Loading class java/util/EnumMap$EnumMapIterator done
Event: 49543.075 Loading class java/util/EnumMap$EntryIterator done
Event: 49543.075 Loading class java/util/EnumMap$EntryIterator$Entry
Event: 49543.076 Loading class java/util/EnumMap$EntryIterator$Entry done
Event: 49543.164 Loading class java/lang/ProcessBuilder$NullInputStream
Event: 49543.164 Loading class java/lang/ProcessBuilder$NullInputStream done
Event: 49543.166 Loading class java/util/Scanner
Event: 49543.167 Loading class java/util/Scanner done
Event: 49543.168 Loading class java/util/Scanner$PatternLRUCache
Event: 49543.168 Loading class java/util/Scanner$PatternLRUCache done
Event: 49544.458 Loading class java/util/regex/Matcher$ImmutableMatchResult
Event: 49544.459 Loading class java/util/regex/Matcher$ImmutableMatchResult done

Classes unloaded (20 events):
Event: 48810.804 Thread 0x0000020f1f93eb70 Unloading class 0x0000020f3725d000 'jdk/internal/reflect/GeneratedSerializationConstructorAccessor3'
Event: 48810.804 Thread 0x0000020f1f93eb70 Unloading class 0x0000020f3725cc00 'jdk/internal/reflect/GeneratedSerializationConstructorAccessor2'
Event: 48810.804 Thread 0x0000020f1f93eb70 Unloading class 0x0000020f3725c800 'jdk/internal/reflect/GeneratedSerializationConstructorAccessor1'
Event: 48810.804 Thread 0x0000020f1f93eb70 Unloading class 0x0000020f371c8400 'java/lang/invoke/LambdaForm$BMH+0x0000020f371c8400'
Event: 48810.804 Thread 0x0000020f1f93eb70 Unloading class 0x0000020f37000400 'java/lang/invoke/LambdaForm$MH+0x0000020f37000400'
Event: 49833.064 Thread 0x0000020f1f93eb70 Unloading class 0x0000020f371c8400 'java/lang/invoke/LambdaForm$MH+0x0000020f371c8400'
Event: 49833.064 Thread 0x0000020f1f93eb70 Unloading class 0x0000020f3725d000 'java/lang/invoke/LambdaForm$MH+0x0000020f3725d000'
Event: 49833.064 Thread 0x0000020f1f93eb70 Unloading class 0x0000020f37971000 'java/lang/invoke/LambdaForm$MH+0x0000020f37971000'
Event: 49833.064 Thread 0x0000020f1f93eb70 Unloading class 0x0000020f3796f000 'java/lang/invoke/LambdaForm$MH+0x0000020f3796f000'
Event: 49833.064 Thread 0x0000020f1f93eb70 Unloading class 0x0000020f3796cc00 'java/lang/invoke/LambdaForm$MH+0x0000020f3796cc00'
Event: 49833.064 Thread 0x0000020f1f93eb70 Unloading class 0x0000020f37095c00 'java/lang/invoke/LambdaForm$MH+0x0000020f37095c00'
Event: 49833.064 Thread 0x0000020f1f93eb70 Unloading class 0x0000020f37b2a400 'java/lang/invoke/LambdaForm$MH+0x0000020f37b2a400'
Event: 49833.064 Thread 0x0000020f1f93eb70 Unloading class 0x0000020f37b2ac00 'java/lang/invoke/LambdaForm$MH+0x0000020f37b2ac00'
Event: 49833.064 Thread 0x0000020f1f93eb70 Unloading class 0x0000020f37b2c800 'java/lang/invoke/LambdaForm$MH+0x0000020f37b2c800'
Event: 49833.064 Thread 0x0000020f1f93eb70 Unloading class 0x0000020f377f2c00 'java/lang/invoke/LambdaForm$MH+0x0000020f377f2c00'
Event: 49833.064 Thread 0x0000020f1f93eb70 Unloading class 0x0000020f377f9800 'java/lang/invoke/LambdaForm$MH+0x0000020f377f9800'
Event: 49833.064 Thread 0x0000020f1f93eb70 Unloading class 0x0000020f37945400 'java/lang/invoke/LambdaForm$MH+0x0000020f37945400'
Event: 49833.064 Thread 0x0000020f1f93eb70 Unloading class 0x0000020f379f0800 'java/lang/invoke/LambdaForm$MH+0x0000020f379f0800'
Event: 49833.064 Thread 0x0000020f1f93eb70 Unloading class 0x0000020f379f0400 'java/lang/invoke/LambdaForm$MH+0x0000020f379f0400'
Event: 49833.064 Thread 0x0000020f1f93eb70 Unloading class 0x0000020f3798b000 'java/lang/invoke/LambdaForm$MH+0x0000020f3798b000'

Classes redefined (0 events):
No events

Internal exceptions (20 events):
Event: 49876.332 Thread 0x0000020f006895c0 Exception <a 'java/lang/ArrayIndexOutOfBoundsException'{0x00000000eaf68e38}> (0x00000000eaf68e38) 
thrown [s\src\hotspot\share\runtime\sharedRuntime.cpp, line 625]
Event: 49876.332 Thread 0x0000020f006895c0 Exception <a 'java/lang/ArrayIndexOutOfBoundsException'{0x00000000eaf694a0}> (0x00000000eaf694a0) 
thrown [s\src\hotspot\share\runtime\sharedRuntime.cpp, line 625]
Event: 49876.332 Thread 0x0000020f006895c0 Exception <a 'java/lang/ArrayIndexOutOfBoundsException'{0x00000000eaf69858}> (0x00000000eaf69858) 
thrown [s\src\hotspot\share\runtime\sharedRuntime.cpp, line 625]
Event: 49876.519 Thread 0x0000020f006895c0 Exception <a 'java/lang/ArrayIndexOutOfBoundsException'{0x00000000eb2ab2c8}> (0x00000000eb2ab2c8) 
thrown [s\src\hotspot\share\runtime\sharedRuntime.cpp, line 625]
Event: 49876.519 Thread 0x0000020f006895c0 Exception <a 'java/lang/ArrayIndexOutOfBoundsException'{0x00000000eb2ab930}> (0x00000000eb2ab930) 
thrown [s\src\hotspot\share\runtime\sharedRuntime.cpp, line 625]
Event: 49876.519 Thread 0x0000020f006895c0 Exception <a 'java/lang/ArrayIndexOutOfBoundsException'{0x00000000eb2abce8}> (0x00000000eb2abce8) 
thrown [s\src\hotspot\share\runtime\sharedRuntime.cpp, line 625]
Event: 49876.851 Thread 0x0000020f006895c0 Exception <a 'java/lang/ArrayIndexOutOfBoundsException'{0x00000000eaec98e0}> (0x00000000eaec98e0) 
thrown [s\src\hotspot\share\runtime\sharedRuntime.cpp, line 625]
Event: 49876.851 Thread 0x0000020f006895c0 Exception <a 'java/lang/ArrayIndexOutOfBoundsException'{0x00000000eaec9f48}> (0x00000000eaec9f48) 
thrown [s\src\hotspot\share\runtime\sharedRuntime.cpp, line 625]
Event: 49876.851 Thread 0x0000020f006895c0 Exception <a 'java/lang/ArrayIndexOutOfBoundsException'{0x00000000eaeca300}> (0x00000000eaeca300) 
thrown [s\src\hotspot\share\runtime\sharedRuntime.cpp, line 625]
Event: 49877.487 Thread 0x0000020f006895c0 Exception <a 'java/lang/ArrayIndexOutOfBoundsException'{0x00000000eafd3520}> (0x00000000eafd3520) 
thrown [s\src\hotspot\share\runtime\sharedRuntime.cpp, line 625]
Event: 49877.487 Thread 0x0000020f006895c0 Exception <a 'java/lang/ArrayIndexOutOfBoundsException'{0x00000000eafd3b88}> (0x00000000eafd3b88) 
thrown [s\src\hotspot\share\runtime\sharedRuntime.cpp, line 625]
Event: 49877.487 Thread 0x0000020f006895c0 Exception <a 'java/lang/ArrayIndexOutOfBoundsException'{0x00000000eafd3f40}> (0x00000000eafd3f40) 
thrown [s\src\hotspot\share\runtime\sharedRuntime.cpp, line 625]
Event: 49879.292 Thread 0x0000020f006895c0 Exception <a 'java/lang/ArrayIndexOutOfBoundsException'{0x00000000eac5af68}> (0x00000000eac5af68) 
thrown [s\src\hotspot\share\runtime\sharedRuntime.cpp, line 625]
Event: 49879.292 Thread 0x0000020f006895c0 Exception <a 'java/lang/ArrayIndexOutOfBoundsException'{0x00000000eac5b5d0}> (0x00000000eac5b5d0) 
thrown [s\src\hotspot\share\runtime\sharedRuntime.cpp, line 625]
Event: 49879.292 Thread 0x0000020f006895c0 Exception <a 'java/lang/ArrayIndexOutOfBoundsException'{0x00000000eac5b988}> (0x00000000eac5b988) 
thrown [s\src\hotspot\share\runtime\sharedRuntime.cpp, line 625]
Event: 49916.749 Thread 0x0000020f7ec45a10 Exception <a 'sun/nio/fs/WindowsException'{0x00000000eaedec68}> (0x00000000eaedec68) 
thrown [s\src\hotspot\share\prims\jni.cpp, line 520]
Event: 49916.958 Thread 0x0000020f7ec45a10 Exception <a 'sun/nio/fs/WindowsException'{0x00000000eabe34a8}> (0x00000000eabe34a8) 
thrown [s\src\hotspot\share\prims\jni.cpp, line 520]
Event: 49940.507 Thread 0x0000020f7ec45a10 Exception <a 'sun/nio/fs/WindowsException'{0x00000000eab77380}> (0x00000000eab77380) 
thrown [s\src\hotspot\share\prims\jni.cpp, line 520]
Event: 49940.724 Thread 0x0000020f7ec45a10 Exception <a 'sun/nio/fs/WindowsException'{0x00000000eadc5990}> (0x00000000eadc5990) 
thrown [s\src\hotspot\share\prims\jni.cpp, line 520]
Event: 49954.816 Thread 0x0000020f7ec45a10 Exception <a 'sun/nio/fs/WindowsException'{0x00000000ead8d630}> (0x00000000ead8d630) 
thrown [s\src\hotspot\share\prims\jni.cpp, line 520]

ZGC Phase Switch (0 events):
No events

VM Operations (20 events):
Event: 49953.692 Executing VM operation: ParallelGCFailedAllocation (Allocation Failure) done
Event: 49954.819 Executing VM operation: ParallelGCFailedAllocation (Allocation Failure)
Event: 49954.821 Executing VM operation: ParallelGCFailedAllocation (Allocation Failure) done
Event: 49954.825 Executing VM operation: ParallelGCFailedAllocation (Allocation Failure)
Event: 49954.827 Executing VM operation: ParallelGCFailedAllocation (Allocation Failure) done
Event: 49954.829 Executing VM operation: ParallelGCFailedAllocation (Allocation Failure)
Event: 49954.831 Executing VM operation: ParallelGCFailedAllocation (Allocation Failure) done
Event: 49954.833 Executing VM operation: ParallelGCFailedAllocation (Allocation Failure)
Event: 49954.835 Executing VM operation: ParallelGCFailedAllocation (Allocation Failure) done
Event: 49954.838 Executing VM operation: ParallelGCFailedAllocation (Allocation Failure)
Event: 49954.840 Executing VM operation: ParallelGCFailedAllocation (Allocation Failure) done
Event: 49954.843 Executing VM operation: ParallelGCFailedAllocation (Allocation Failure)
Event: 49954.845 Executing VM operation: ParallelGCFailedAllocation (Allocation Failure) done
Event: 49954.849 Executing VM operation: ParallelGCFailedAllocation (Allocation Failure)
Event: 49954.851 Executing VM operation: ParallelGCFailedAllocation (Allocation Failure) done
Event: 49954.855 Executing VM operation: ParallelGCFailedAllocation (Allocation Failure)
Event: 49954.856 Executing VM operation: ParallelGCFailedAllocation (Allocation Failure) done
Event: 49954.870 Executing VM operation: ParallelGCFailedAllocation (Allocation Failure)
Event: 49954.872 Executing VM operation: ParallelGCFailedAllocation (Allocation Failure) done
Event: 49954.912 Executing VM operation: ParallelGCFailedAllocation (Allocation Failure)

Memory protections (0 events):
No events

Nmethod flushes (20 events):
Event: 49303.003 Thread 0x0000020f1f93eb70 flushing  nmethod 0x0000020f272afc90
Event: 49303.003 Thread 0x0000020f1f93eb70 flushing  nmethod 0x0000020f272c8210
Event: 49303.003 Thread 0x0000020f1f93eb70 flushing  nmethod 0x0000020f272e5090
Event: 49303.003 Thread 0x0000020f1f93eb70 flushing  nmethod 0x0000020f272e7390
Event: 49303.003 Thread 0x0000020f1f93eb70 flushing  nmethod 0x0000020f272e7810
Event: 49303.003 Thread 0x0000020f1f93eb70 flushing  nmethod 0x0000020f27320090
Event: 49303.003 Thread 0x0000020f1f93eb70 flushing  nmethod 0x0000020f27325e90
Event: 49303.003 Thread 0x0000020f1f93eb70 flushing  nmethod 0x0000020f2732ca90
Event: 49303.003 Thread 0x0000020f1f93eb70 flushing  nmethod 0x0000020f2732d310
Event: 49303.003 Thread 0x0000020f1f93eb70 flushing  nmethod 0x0000020f27332590
Event: 49303.003 Thread 0x0000020f1f93eb70 flushing  nmethod 0x0000020f27365310
Event: 49303.003 Thread 0x0000020f1f93eb70 flushing  nmethod 0x0000020f27374b10
Event: 49303.003 Thread 0x0000020f1f93eb70 flushing  nmethod 0x0000020f27396410
Event: 49303.003 Thread 0x0000020f1f93eb70 flushing  nmethod 0x0000020f2739a590
Event: 49303.003 Thread 0x0000020f1f93eb70 flushing  nmethod 0x0000020f2739c210
Event: 49303.003 Thread 0x0000020f1f93eb70 flushing  nmethod 0x0000020f2739e610
Event: 49303.003 Thread 0x0000020f1f93eb70 flushing  nmethod 0x0000020f273a0e90
Event: 49303.003 Thread 0x0000020f1f93eb70 flushing  nmethod 0x0000020f273fba10
Event: 49833.089 Thread 0x0000020f1f93eb70 flushing osr nmethod 0x0000020f2565d490
Event: 49833.089 Thread 0x0000020f1f93eb70 flushing osr nmethod 0x0000020f257b7e90

Events (20 events):
Event: 49862.120 Thread 0x0000020f7f45cdf0 Thread exited: 0x0000020f7f45cdf0
Event: 49862.123 Thread 0x0000020f15502c20 Thread exited: 0x0000020f15502c20
Event: 49862.124 Thread 0x0000020f155004c0 Thread exited: 0x0000020f155004c0
Event: 49862.128 Thread 0x0000020f155011e0 Thread exited: 0x0000020f155011e0
Event: 49862.163 Thread 0x0000020f15501870 Thread exited: 0x0000020f15501870
Event: 49862.766 Thread 0x0000020f787f6f90 Thread added: 0x0000020f035f3f00
Event: 49862.787 Thread 0x0000020f787f6f90 Thread added: 0x0000020f035f0f50
Event: 49862.807 Thread 0x0000020f006895c0 Thread added: 0x0000020f0319b250
Event: 49863.019 Thread 0x0000020f035f0f50 Thread exited: 0x0000020f035f0f50
Event: 49865.072 Thread 0x0000020f035f3f00 Thread exited: 0x0000020f035f3f00
Event: 49865.332 Thread 0x0000020f787f6f90 Thread added: 0x0000020f035f3f00
Event: 49865.332 Thread 0x0000020f787f6f90 Thread added: 0x0000020f035f0f50
Event: 49865.332 Thread 0x0000020f787f6f90 Thread added: 0x0000020f035f5a40
Event: 49868.223 Thread 0x0000020f035f5a40 Thread exited: 0x0000020f035f5a40
Event: 49868.223 Thread 0x0000020f035f0f50 Thread exited: 0x0000020f035f0f50
Event: 49868.484 Thread 0x0000020f035f3f00 Thread exited: 0x0000020f035f3f00
Event: 49893.228 Thread 0x0000020f15504cf0 Thread exited: 0x0000020f15504cf0
Event: 49915.807 Thread 0x0000020f04608660 Thread exited: 0x0000020f04608660
Event: 49916.917 Thread 0x0000020f03197dd0 Thread added: 0x0000020f15502c20
Event: 49923.039 Thread 0x0000020f0319b250 Thread exited: 0x0000020f0319b250


Dynamic libraries:
0x00007ff7fdfb0000 - 0x00007ff7fdfbe000 	c:\Users\Farhan\.vscode\extensions\redhat.java-1.41.1-win32-x64\jre\21.0.6-win32-x86_64\bin\java.exe
0x00007ffb0f1c0000 - 0x00007ffb0f426000 	C:\WINDOWS\SYSTEM32\ntdll.dll
0x00007ffb0e470000 - 0x00007ffb0e539000 	C:\WINDOWS\System32\KERNEL32.DLL
0x00007ffb0c680000 - 0x00007ffb0ca4c000 	C:\WINDOWS\System32\KERNELBASE.dll
0x00007ffb0c3f0000 - 0x00007ffb0c53b000 	C:\WINDOWS\System32\ucrtbase.dll
0x00007ffaeb270000 - 0x00007ffaeb28e000 	c:\Users\Farhan\.vscode\extensions\redhat.java-1.41.1-win32-x64\jre\21.0.6-win32-x86_64\bin\VCRUNTIME140.dll
0x00007ffaf0260000 - 0x00007ffaf0278000 	c:\Users\Farhan\.vscode\extensions\redhat.java-1.41.1-win32-x64\jre\21.0.6-win32-x86_64\bin\jli.dll
0x00007ffb0e5c0000 - 0x00007ffb0e78a000 	C:\WINDOWS\System32\USER32.dll
0x00007ffaf5190000 - 0x00007ffaf542a000 	C:\WINDOWS\WinSxS\amd64_microsoft.windows.common-controls_6595b64144ccf1df_6.0.26100.3912_none_3e07963ce335137e\COMCTL32.dll
0x00007ffb0ca50000 - 0x00007ffb0ca77000 	C:\WINDOWS\System32\win32u.dll
0x00007ffb0ebe0000 - 0x00007ffb0ec89000 	C:\WINDOWS\System32\msvcrt.dll
0x00007ffb0e790000 - 0x00007ffb0e7bb000 	C:\WINDOWS\System32\GDI32.dll
0x00007ffb0c540000 - 0x00007ffb0c672000 	C:\WINDOWS\System32\gdi32full.dll
0x00007ffb0cd80000 - 0x00007ffb0ce23000 	C:\WINDOWS\System32\msvcp_win.dll
0x00007ffb0cf80000 - 0x00007ffb0cfb0000 	C:\WINDOWS\System32\IMM32.DLL
0x00007ffaf2320000 - 0x00007ffaf232c000 	c:\Users\Farhan\.vscode\extensions\redhat.java-1.41.1-win32-x64\jre\21.0.6-win32-x86_64\bin\vcruntime140_1.dll
0x00007ffad6de0000 - 0x00007ffad6e6d000 	c:\Users\Farhan\.vscode\extensions\redhat.java-1.41.1-win32-x64\jre\21.0.6-win32-x86_64\bin\msvcp140.dll
0x00007ffa78de0000 - 0x00007ffa79b70000 	c:\Users\Farhan\.vscode\extensions\redhat.java-1.41.1-win32-x64\jre\21.0.6-win32-x86_64\bin\server\jvm.dll
0x00007ffb0d920000 - 0x00007ffb0d9d2000 	C:\WINDOWS\System32\ADVAPI32.dll
0x00007ffb0d870000 - 0x00007ffb0d916000 	C:\WINDOWS\System32\sechost.dll
0x00007ffb0ea90000 - 0x00007ffb0eba6000 	C:\WINDOWS\System32\RPCRT4.dll
0x00007ffb0d7f0000 - 0x00007ffb0d864000 	C:\WINDOWS\System32\WS2_32.dll
0x00007ffb0afa0000 - 0x00007ffb0affe000 	C:\WINDOWS\SYSTEM32\POWRPROF.dll
0x00007ffb05ae0000 - 0x00007ffb05aeb000 	C:\WINDOWS\SYSTEM32\VERSION.dll
0x00007ffafdab0000 - 0x00007ffafdae6000 	C:\WINDOWS\SYSTEM32\WINMM.dll
0x00007ffb0af80000 - 0x00007ffb0af94000 	C:\WINDOWS\SYSTEM32\UMPDC.dll
0x00007ffb0b230000 - 0x00007ffb0b24a000 	C:\WINDOWS\SYSTEM32\kernel.appcore.dll
0x00007ffaf21a0000 - 0x00007ffaf21aa000 	c:\Users\Farhan\.vscode\extensions\redhat.java-1.41.1-win32-x64\jre\21.0.6-win32-x86_64\bin\jimage.dll
0x00007ffaf94c0000 - 0x00007ffaf9701000 	C:\WINDOWS\SYSTEM32\DBGHELP.DLL
0x00007ffb0cfc0000 - 0x00007ffb0d344000 	C:\WINDOWS\System32\combase.dll
0x00007ffb0e840000 - 0x00007ffb0e920000 	C:\WINDOWS\System32\OLEAUT32.dll
0x00007ffaf6440000 - 0x00007ffaf6479000 	C:\WINDOWS\SYSTEM32\dbgcore.DLL
0x00007ffb0c350000 - 0x00007ffb0c3e9000 	C:\WINDOWS\System32\bcryptPrimitives.dll
0x00007ffaf0110000 - 0x00007ffaf011f000 	c:\Users\Farhan\.vscode\extensions\redhat.java-1.41.1-win32-x64\jre\21.0.6-win32-x86_64\bin\instrument.dll
0x00007ffae7d20000 - 0x00007ffae7d3f000 	c:\Users\Farhan\.vscode\extensions\redhat.java-1.41.1-win32-x64\jre\21.0.6-win32-x86_64\bin\java.dll
0x00007ffb0dd40000 - 0x00007ffb0e46d000 	C:\WINDOWS\System32\SHELL32.dll
0x00007ffb0ca80000 - 0x00007ffb0cbf4000 	C:\WINDOWS\System32\wintypes.dll
0x00007ffb0a000000 - 0x00007ffb0a856000 	C:\WINDOWS\SYSTEM32\windows.storage.dll
0x00007ffb0d9e0000 - 0x00007ffb0dacf000 	C:\WINDOWS\System32\SHCORE.dll
0x00007ffb0d5d0000 - 0x00007ffb0d639000 	C:\WINDOWS\System32\shlwapi.dll
0x00007ffb0c260000 - 0x00007ffb0c28f000 	C:\WINDOWS\SYSTEM32\profapi.dll
0x00007ffae7d00000 - 0x00007ffae7d18000 	c:\Users\Farhan\.vscode\extensions\redhat.java-1.41.1-win32-x64\jre\21.0.6-win32-x86_64\bin\zip.dll
0x00007ffaeb470000 - 0x00007ffaeb480000 	C:\Users\Farhan\.vscode\extensions\redhat.java-1.41.1-win32-x64\jre\21.0.6-win32-x86_64\bin\net.dll
0x00007ffb05650000 - 0x00007ffb0576e000 	C:\WINDOWS\SYSTEM32\WINHTTP.dll
0x00007ffb0b7a0000 - 0x00007ffb0b80a000 	C:\WINDOWS\system32\mswsock.dll
0x00007ffae73b0000 - 0x00007ffae73c6000 	C:\Users\Farhan\.vscode\extensions\redhat.java-1.41.1-win32-x64\jre\21.0.6-win32-x86_64\bin\nio.dll
0x00007ffaeb260000 - 0x00007ffaeb270000 	c:\Users\Farhan\.vscode\extensions\redhat.java-1.41.1-win32-x64\jre\21.0.6-win32-x86_64\bin\verify.dll
0x00007ffade050000 - 0x00007ffade095000 	C:\Users\Farhan\AppData\Roaming\Code\User\globalStorage\redhat.java\1.41.1\config_win\org.eclipse.equinox.launcher\org.eclipse.equinox.launcher.win32.win32.x86_64_1.2.1300.v20250331-1702\eclipse_11911.dll
0x00007ffb0dae0000 - 0x00007ffb0dc7f000 	C:\WINDOWS\System32\ole32.dll
0x00007ffb0ba40000 - 0x00007ffb0ba5c000 	C:\WINDOWS\SYSTEM32\CRYPTSP.dll
0x00007ffb0b190000 - 0x00007ffb0b1ca000 	C:\WINDOWS\system32\rsaenh.dll
0x00007ffb0b840000 - 0x00007ffb0b86b000 	C:\WINDOWS\SYSTEM32\USERENV.dll
0x00007ffb0c230000 - 0x00007ffb0c256000 	C:\WINDOWS\SYSTEM32\bcrypt.dll
0x00007ffb0ba60000 - 0x00007ffb0ba6c000 	C:\WINDOWS\SYSTEM32\CRYPTBASE.dll
0x00007ffb0abc0000 - 0x00007ffb0abf3000 	C:\WINDOWS\SYSTEM32\IPHLPAPI.DLL
0x00007ffb0d5c0000 - 0x00007ffb0d5ca000 	C:\WINDOWS\System32\NSI.dll
0x00007ffac3640000 - 0x00007ffac3689000 	C:\Users\Farhan\AppData\Local\Temp\jna-2097121342\jna13878243313573724175.dll
0x00007ffb0d660000 - 0x00007ffb0d668000 	C:\WINDOWS\System32\PSAPI.DLL
0x00007ffb05af0000 - 0x00007ffb05b0f000 	C:\WINDOWS\SYSTEM32\dhcpcsvc6.DLL
0x00007ffb05a90000 - 0x00007ffb05ab5000 	C:\WINDOWS\SYSTEM32\dhcpcsvc.DLL
0x00007ffae7f80000 - 0x00007ffae7f8a000 	C:\Users\Farhan\.vscode\extensions\redhat.java-1.41.1-win32-x64\jre\21.0.6-win32-x86_64\bin\management.dll
0x00007ffae7330000 - 0x00007ffae733b000 	C:\Users\Farhan\.vscode\extensions\redhat.java-1.41.1-win32-x64\jre\21.0.6-win32-x86_64\bin\management_ext.dll
0x00007ffae7320000 - 0x00007ffae732e000 	C:\Users\Farhan\.vscode\extensions\redhat.java-1.41.1-win32-x64\jre\21.0.6-win32-x86_64\bin\sunmscapi.dll
0x00007ffb0cc00000 - 0x00007ffb0cd77000 	C:\WINDOWS\System32\CRYPT32.dll
0x00007ffb0bc50000 - 0x00007ffb0bc80000 	C:\WINDOWS\SYSTEM32\ncrypt.dll
0x00007ffb0bc00000 - 0x00007ffb0bc3f000 	C:\WINDOWS\SYSTEM32\NTASN1.dll
0x00007ffb0ac00000 - 0x00007ffb0ad27000 	C:\WINDOWS\SYSTEM32\DNSAPI.dll
0x00007ffb026d0000 - 0x00007ffb026db000 	C:\Windows\System32\rasadhlp.dll
0x00007ffb04c50000 - 0x00007ffb04cd6000 	C:\WINDOWS\System32\fwpuclnt.dll
0x00007ffae6f10000 - 0x00007ffae6f19000 	C:\Users\Farhan\.vscode\extensions\redhat.java-1.41.1-win32-x64\jre\21.0.6-win32-x86_64\bin\extnet.dll
0x00007ffae4ba0000 - 0x00007ffae4bc7000 	C:\Users\Farhan\.gradle\native\1def1411415f61bf3af743bc5b6707747c0891f09f0c88961ee8f79bc544acac\windows-amd64\native-platform.dll
0x00007ffb07280000 - 0x00007ffb07288000 	C:\WINDOWS\system32\wshunix.dll

dbghelp: loaded successfully - version: 4.0.5 - missing functions: none
symbol engine: initialized successfully - sym options: 0x614 - pdb path: .;c:\Users\Farhan\.vscode\extensions\redhat.java-1.41.1-win32-x64\jre\21.0.6-win32-x86_64\bin;C:\WINDOWS\SYSTEM32;C:\WINDOWS\WinSxS\amd64_microsoft.windows.common-controls_6595b64144ccf1df_6.0.26100.3912_none_3e07963ce335137e;c:\Users\Farhan\.vscode\extensions\redhat.java-1.41.1-win32-x64\jre\21.0.6-win32-x86_64\bin\server;C:\Users\Farhan\AppData\Roaming\Code\User\globalStorage\redhat.java\1.41.1\config_win\org.eclipse.equinox.launcher\org.eclipse.equinox.launcher.win32.win32.x86_64_1.2.1300.v20250331-1702;C:\Users\Farhan\AppData\Local\Temp\jna-2097121342;C:\Users\Farhan\.gradle\native\1def1411415f61bf3af743bc5b6707747c0891f09f0c88961ee8f79bc544acac\windows-amd64

VM Arguments:
jvm_args: --add-modules=ALL-SYSTEM --add-opens=java.base/java.util=ALL-UNNAMED --add-opens=java.base/java.lang=ALL-UNNAMED --add-opens=java.base/sun.nio.fs=ALL-UNNAMED -Declipse.application=org.eclipse.jdt.ls.core.id1 -Dosgi.bundles.defaultStartLevel=4 -Declipse.product=org.eclipse.jdt.ls.core.product -Djava.import.generatesMetadataFilesAtProjectRoot=false -DDetectVMInstallationsJob.disabled=true -Dfile.encoding=utf8 -XX:+UseParallelGC -XX:GCTimeRatio=4 -XX:AdaptiveSizePolicyWeight=90 -Dsun.zip.disableMemoryMapping=true -Xmx1G -Xms100m -Xlog:disable -javaagent:c:\Users\Farhan\.vscode\extensions\redhat.java-1.41.1-win32-x64\lombok\lombok-1.18.36.jar -XX:+HeapDumpOnOutOfMemoryError -XX:HeapDumpPath=c:\Users\Farhan\AppData\Roaming\Code\User\workspaceStorage\cf30d22478bf457b12e906e2b8bb618b\redhat.java -Daether.dependencyCollector.impl=bf 
java_command: c:\Users\Farhan\.vscode\extensions\redhat.java-1.41.1-win32-x64\server\plugins\org.eclipse.equinox.launcher_1.7.0.v20250331-1702.jar -configuration c:\Users\Farhan\AppData\Roaming\Code\User\globalStorage\redhat.java\1.41.1\config_win -data c:\Users\Farhan\AppData\Roaming\Code\User\workspaceStorage\cf30d22478bf457b12e906e2b8bb618b\redhat.java\jdt_ws --pipe=\\.\pipe\lsp-0d0388cbc3583953d818d4b70d84636c-sock
java_class_path (initial): c:\Users\Farhan\.vscode\extensions\redhat.java-1.41.1-win32-x64\server\plugins\org.eclipse.equinox.launcher_1.7.0.v20250331-1702.jar
Launcher Type: SUN_STANDARD

[Global flags]
    uintx AdaptiveSizePolicyWeight                 = 90                                        {product} {command line}
     intx CICompilerCount                          = 12                                        {product} {ergonomic}
    uintx GCTimeRatio                              = 4                                         {product} {command line}
     bool HeapDumpOnOutOfMemoryError               = true                                   {manageable} {command line}
    ccstr HeapDumpPath                             = c:\Users\Farhan\AppData\Roaming\Code\User\workspaceStorage\cf30d22478bf457b12e906e2b8bb618b\redhat.java         {manageable} {command line}
   size_t InitialHeapSize                          = 104857600                                 {product} {command line}
   size_t MaxHeapSize                              = 1073741824                                {product} {command line}
   size_t MaxNewSize                               = 357564416                                 {product} {ergonomic}
   size_t MinHeapDeltaBytes                        = 524288                                    {product} {ergonomic}
   size_t MinHeapSize                              = 104857600                                 {product} {command line}
   size_t NewSize                                  = 34603008                                  {product} {ergonomic}
    uintx NonNMethodCodeHeapSize                   = 7602480                                {pd product} {ergonomic}
    uintx NonProfiledCodeHeapSize                  = 122027880                              {pd product} {ergonomic}
   size_t OldSize                                  = 70254592                                  {product} {ergonomic}
    uintx ProfiledCodeHeapSize                     = 122027880                              {pd product} {ergonomic}
    uintx ReservedCodeCacheSize                    = 251658240                              {pd product} {ergonomic}
     bool SegmentedCodeCache                       = true                                      {product} {ergonomic}
   size_t SoftMaxHeapSize                          = 1073741824                             {manageable} {ergonomic}
     bool UseCompressedOops                        = true                           {product lp64_product} {ergonomic}
     bool UseLargePagesIndividualAllocation        = false                                  {pd product} {ergonomic}
     bool UseParallelGC                            = true                                      {product} {command line}

Logging:
Log output configuration:
 #0: stdout all=off uptime,level,tags foldmultilines=false
 #1: stderr all=off uptime,level,tags foldmultilines=false

Environment Variables:
JAVA_HOME=C:\Program Files\BellSoft\LibericaJDK-21\
PATH=C:\Program Files\BellSoft\LibericaJDK-21\bin\;C:\Windows\system32;C:\Windows;C:\Windows\System32\Wbem;C:\Windows\System32\WindowsPowerShell\v1.0\;C:\Windows\System32\OpenSSH\;C:\Program Files (x86)\NVIDIA Corporation\PhysX\Common;C:\Program Files\NVIDIA Corporation\NVIDIA NvDLISR;C:\Program Files\dotnet\;C:\Program Files\PuTTY\;C:\Program Files\Git\cmd;C:\WINDOWS\system32;C:\WINDOWS;C:\WINDOWS\System32\Wbem;C:\WINDOWS\System32\WindowsPowerShell\v1.0\;C:\WINDOWS\System32\OpenSSH\;C:\Program Files\Docker\Docker\resources\bin;C:\Users\Farhan\AppData\Local\Microsoft\WindowsApps;C:\Users\Farhan\AppData\Local\Programs\Microsoft VS Code\bin;C:\Users\Farhan\AppData\Local\Programs\Python\Python310\Scripts;C:\Users\Farhan\AppData\Local\Google\Cloud SDK\google-cloud-sdk\bin;C:\Windows\System32;
USERNAME=Farhan
OS=Windows_NT
PROCESSOR_IDENTIFIER=Intel64 Family 6 Model 165 Stepping 5, GenuineIntel
TMP=C:\Users\Farhan\AppData\Local\Temp
TEMP=C:\Users\Farhan\AppData\Local\Temp




Periodic native trim disabled

---------------  S Y S T E M  ---------------

OS:
 Windows 11 , 64 bit Build 26100 (10.0.26100.3912)
OS uptime: 0 days 15:33 hours
Hyper-V role detected

CPU: total 16 (initial active 16) (8 cores per cpu, 2 threads per core) family 6 model 165 stepping 5 microcode 0xe0, cx8, cmov, fxsr, ht, mmx, 3dnowpref, sse, sse2, sse3, ssse3, sse4.1, sse4.2, popcnt, lzcnt, tsc, tscinvbit, avx, avx2, aes, erms, clmul, bmi1, bmi2, adx, fma, vzeroupper, clflush, clflushopt, hv, rdtscp, f16c
Processor Information for the first 16 processors :
  Max Mhz: 2904, Current Mhz: 2904, Mhz Limit: 2904

Memory: 4k page, system-wide physical 16312M (3533M free)
TotalPageFile size 28600M (AvailPageFile size 8437M)
current process WorkingSet (physical memory assigned to process): 650M, peak: 1050M
current process commit charge ("private bytes"): 727M, peak: 1159M

vm_info: OpenJDK 64-Bit Server VM (21.0.6+7-LTS) for windows-amd64 JRE (21.0.6+7-LTS), built on 2025-01-21T00:00:00Z by "admin" with MS VC++ 17.7 (VS2022)

END.
